2023-03-10 13:39:49,005 INFO 1 Microsoft.AspNetCore.DataProtection.KeyManagement.XmlKeyManager - User profile is available. Using 'C:\Users\Gabe\AppData\Local\ASP.NET\DataProtection-Keys' as key repository and Windows DPAPI to encrypt keys at rest.
2023-03-10 13:39:50,184 INFO 1 Microsoft.Hosting.Lifetime - Now listening on: http://localhost:5000
2023-03-10 13:39:50,200 INFO 1 Microsoft.Hosting.Lifetime - Application started. Press Ctrl+C to shut down.
2023-03-10 13:39:50,204 INFO 1 Microsoft.Hosting.Lifetime - Hosting environment: Development
2023-03-10 13:39:50,205 INFO 1 Microsoft.Hosting.Lifetime - Content root path: C:\Users\Gabe\Documents\git\circulo\api
2023-03-10 13:39:51,514 INFO .NET ThreadPool Worker Microsoft.AspNetCore.Hosting.Diagnostics - Request starting HTTP/1.1 GET http://localhost:5000/swagger/v1/swagger.json - -
2023-03-10 13:39:51,612 INFO .NET ThreadPool Worker Microsoft.AspNetCore.Routing.EndpointMiddleware - Executing endpoint 'HTTP: GET /swagger/{documentName}/swagger.{json|yaml}'
2023-03-10 13:39:51,929 INFO .NET ThreadPool Worker Microsoft.AspNetCore.Routing.EndpointMiddleware - Executed endpoint 'HTTP: GET /swagger/{documentName}/swagger.{json|yaml}'
2023-03-10 13:39:51,934 INFO .NET ThreadPool Worker Microsoft.AspNetCore.Hosting.Diagnostics - Request finished HTTP/1.1 GET http://localhost:5000/swagger/v1/swagger.json - - - 200 - application/json;charset=utf-8 423.7914ms
2023-03-10 13:47:59,123 INFO .NET ThreadPool Worker Microsoft.AspNetCore.Hosting.Diagnostics - Request starting HTTP/1.1 OPTIONS http://localhost:5000/pharmacyvisit - -
2023-03-10 13:47:59,131 INFO .NET ThreadPool Worker Microsoft.AspNetCore.Cors.Infrastructure.CorsService - CORS policy execution successful.
2023-03-10 13:47:59,134 INFO .NET ThreadPool Worker Microsoft.AspNetCore.Hosting.Diagnostics - Request finished HTTP/1.1 OPTIONS http://localhost:5000/pharmacyvisit - - - 204 - - 11.6080ms
2023-03-10 13:47:59,141 INFO .NET ThreadPool Worker Microsoft.AspNetCore.Hosting.Diagnostics - Request starting HTTP/1.1 POST http://localhost:5000/pharmacyvisit application/json 7
2023-03-10 13:47:59,144 INFO .NET ThreadPool Worker Microsoft.AspNetCore.Cors.Infrastructure.CorsService - CORS policy execution successful.
2023-03-10 13:47:59,146 INFO .NET ThreadPool Worker Microsoft.AspNetCore.Routing.EndpointMiddleware - Executing endpoint 'API.Controllers.Public.PharmacyVisitController.GetPharmaciesToVisit (API)'
2023-03-10 13:47:59,182 INFO .NET ThreadPool Worker Microsoft.AspNetCore.Mvc.Infrastructure.ControllerActionInvoker - Route matched with {action = "GetPharmaciesToVisit", controller = "PharmacyVisit"}. Executing controller action with signature System.Threading.Tasks.Task`1[Microsoft.AspNetCore.Mvc.ActionResult] GetPharmaciesToVisit(Models.PharmacyVisitControllerModels.GetPharmaciesToVisitRequest) on controller API.Controllers.Public.PharmacyVisitController (API).
2023-03-10 13:48:01,298 INFO .NET ThreadPool Worker Microsoft.AspNetCore.Mvc.Infrastructure.ObjectResultExecutor - Executing OkObjectResult, writing value of type 'Models.Response`1[[Models.PharmacyVisitControllerModels.GetPharmaciesToVisitResponse, Models, Version=1.0.0.0, Culture=neutral, PublicKeyToken=null]]'.
2023-03-10 13:48:01,353 INFO .NET ThreadPool Worker Microsoft.AspNetCore.Mvc.Infrastructure.ControllerActionInvoker - Executed action API.Controllers.Public.PharmacyVisitController.GetPharmaciesToVisit (API) in 2160.3655ms
2023-03-10 13:48:01,356 INFO .NET ThreadPool Worker Microsoft.AspNetCore.Routing.EndpointMiddleware - Executed endpoint 'API.Controllers.Public.PharmacyVisitController.GetPharmaciesToVisit (API)'
2023-03-10 13:48:01,361 INFO .NET ThreadPool Worker Microsoft.AspNetCore.Hosting.Diagnostics - Request finished HTTP/1.1 POST http://localhost:5000/pharmacyvisit application/json 7 - 200 79 application/json;+charset=utf-8 2219.6285ms
2023-03-10 13:48:05,048 INFO .NET ThreadPool Worker Microsoft.AspNetCore.Hosting.Diagnostics - Request starting HTTP/1.1 OPTIONS http://localhost:5000/pharmacyvisit - -
2023-03-10 13:48:05,049 INFO .NET ThreadPool Worker Microsoft.AspNetCore.Cors.Infrastructure.CorsService - CORS policy execution successful.
2023-03-10 13:48:05,050 INFO .NET ThreadPool Worker Microsoft.AspNetCore.Hosting.Diagnostics - Request finished HTTP/1.1 OPTIONS http://localhost:5000/pharmacyvisit - - - 204 - - 2.2189ms
2023-03-10 13:48:05,054 INFO .NET ThreadPool Worker Microsoft.AspNetCore.Hosting.Diagnostics - Request starting HTTP/1.1 POST http://localhost:5000/pharmacyvisit application/json 7
2023-03-10 13:48:05,055 INFO .NET ThreadPool Worker Microsoft.AspNetCore.Cors.Infrastructure.CorsService - CORS policy execution successful.
2023-03-10 13:48:05,057 INFO .NET ThreadPool Worker Microsoft.AspNetCore.Routing.EndpointMiddleware - Executing endpoint 'API.Controllers.Public.PharmacyVisitController.GetPharmaciesToVisit (API)'
2023-03-10 13:48:05,058 INFO .NET ThreadPool Worker Microsoft.AspNetCore.Mvc.Infrastructure.ControllerActionInvoker - Route matched with {action = "GetPharmaciesToVisit", controller = "PharmacyVisit"}. Executing controller action with signature System.Threading.Tasks.Task`1[Microsoft.AspNetCore.Mvc.ActionResult] GetPharmaciesToVisit(Models.PharmacyVisitControllerModels.GetPharmaciesToVisitRequest) on controller API.Controllers.Public.PharmacyVisitController (API).
2023-03-10 13:48:05,106 INFO .NET ThreadPool Worker Microsoft.AspNetCore.Mvc.Infrastructure.ObjectResultExecutor - Executing OkObjectResult, writing value of type 'Models.Response`1[[Models.PharmacyVisitControllerModels.GetPharmaciesToVisitResponse, Models, Version=1.0.0.0, Culture=neutral, PublicKeyToken=null]]'.
2023-03-10 13:48:05,109 INFO .NET ThreadPool Worker Microsoft.AspNetCore.Mvc.Infrastructure.ControllerActionInvoker - Executed action API.Controllers.Public.PharmacyVisitController.GetPharmaciesToVisit (API) in 49.0158ms
2023-03-10 13:48:05,112 INFO .NET ThreadPool Worker Microsoft.AspNetCore.Routing.EndpointMiddleware - Executed endpoint 'API.Controllers.Public.PharmacyVisitController.GetPharmaciesToVisit (API)'
2023-03-10 13:48:05,116 INFO .NET ThreadPool Worker Microsoft.AspNetCore.Hosting.Diagnostics - Request finished HTTP/1.1 POST http://localhost:5000/pharmacyvisit application/json 7 - 200 93 application/json;+charset=utf-8 61.7749ms
2023-03-10 13:49:50,202 INFO .NET ThreadPool Worker Microsoft.AspNetCore.Hosting.Diagnostics - Request starting HTTP/1.1 OPTIONS http://localhost:5000/pharmacyvisit - -
2023-03-10 13:49:50,208 INFO .NET ThreadPool Worker Microsoft.AspNetCore.Cors.Infrastructure.CorsService - CORS policy execution successful.
2023-03-10 13:49:50,209 INFO .NET ThreadPool Worker Microsoft.AspNetCore.Hosting.Diagnostics - Request finished HTTP/1.1 OPTIONS http://localhost:5000/pharmacyvisit - - - 204 - - 8.5799ms
2023-03-10 13:49:50,214 INFO .NET ThreadPool Worker Microsoft.AspNetCore.Hosting.Diagnostics - Request starting HTTP/1.1 POST http://localhost:5000/pharmacyvisit application/json 7
2023-03-10 13:49:50,220 INFO .NET ThreadPool Worker Microsoft.AspNetCore.Cors.Infrastructure.CorsService - CORS policy execution successful.
2023-03-10 13:49:50,221 INFO .NET ThreadPool Worker Microsoft.AspNetCore.Routing.EndpointMiddleware - Executing endpoint 'API.Controllers.Public.PharmacyVisitController.GetPharmaciesToVisit (API)'
2023-03-10 13:49:50,223 INFO .NET ThreadPool Worker Microsoft.AspNetCore.Mvc.Infrastructure.ControllerActionInvoker - Route matched with {action = "GetPharmaciesToVisit", controller = "PharmacyVisit"}. Executing controller action with signature System.Threading.Tasks.Task`1[Microsoft.AspNetCore.Mvc.ActionResult] GetPharmaciesToVisit(Models.PharmacyVisitControllerModels.GetPharmaciesToVisitRequest) on controller API.Controllers.Public.PharmacyVisitController (API).
2023-03-10 13:49:50,310 INFO .NET ThreadPool Worker Microsoft.AspNetCore.Mvc.Infrastructure.ObjectResultExecutor - Executing OkObjectResult, writing value of type 'Models.Response`1[[Models.PharmacyVisitControllerModels.GetPharmaciesToVisitResponse, Models, Version=1.0.0.0, Culture=neutral, PublicKeyToken=null]]'.
2023-03-10 13:49:50,311 INFO .NET ThreadPool Worker Microsoft.AspNetCore.Mvc.Infrastructure.ControllerActionInvoker - Executed action API.Controllers.Public.PharmacyVisitController.GetPharmaciesToVisit (API) in 85.6358ms
2023-03-10 13:49:50,313 INFO .NET ThreadPool Worker Microsoft.AspNetCore.Routing.EndpointMiddleware - Executed endpoint 'API.Controllers.Public.PharmacyVisitController.GetPharmaciesToVisit (API)'
2023-03-10 13:49:50,315 INFO .NET ThreadPool Worker Microsoft.AspNetCore.Hosting.Diagnostics - Request finished HTTP/1.1 POST http://localhost:5000/pharmacyvisit application/json 7 - 200 65 application/json;+charset=utf-8 101.2684ms
2023-03-10 13:49:50,863 INFO .NET ThreadPool Worker Microsoft.AspNetCore.Hosting.Diagnostics - Request starting HTTP/1.1 POST http://localhost:5000/pharmacyvisit application/json 7
2023-03-10 13:49:50,865 INFO .NET ThreadPool Worker Microsoft.AspNetCore.Cors.Infrastructure.CorsService - CORS policy execution successful.
2023-03-10 13:49:50,867 INFO .NET ThreadPool Worker Microsoft.AspNetCore.Routing.EndpointMiddleware - Executing endpoint 'API.Controllers.Public.PharmacyVisitController.GetPharmaciesToVisit (API)'
2023-03-10 13:49:50,868 INFO .NET ThreadPool Worker Microsoft.AspNetCore.Mvc.Infrastructure.ControllerActionInvoker - Route matched with {action = "GetPharmaciesToVisit", controller = "PharmacyVisit"}. Executing controller action with signature System.Threading.Tasks.Task`1[Microsoft.AspNetCore.Mvc.ActionResult] GetPharmaciesToVisit(Models.PharmacyVisitControllerModels.GetPharmaciesToVisitRequest) on controller API.Controllers.Public.PharmacyVisitController (API).
2023-03-10 13:49:50,877 INFO .NET ThreadPool Worker Microsoft.AspNetCore.Mvc.Infrastructure.ObjectResultExecutor - Executing OkObjectResult, writing value of type 'Models.Response`1[[Models.PharmacyVisitControllerModels.GetPharmaciesToVisitResponse, Models, Version=1.0.0.0, Culture=neutral, PublicKeyToken=null]]'.
2023-03-10 13:49:50,879 INFO .NET ThreadPool Worker Microsoft.AspNetCore.Mvc.Infrastructure.ControllerActionInvoker - Executed action API.Controllers.Public.PharmacyVisitController.GetPharmaciesToVisit (API) in 9.6279ms
2023-03-10 13:49:50,883 INFO .NET ThreadPool Worker Microsoft.AspNetCore.Routing.EndpointMiddleware - Executed endpoint 'API.Controllers.Public.PharmacyVisitController.GetPharmaciesToVisit (API)'
2023-03-10 13:49:50,884 INFO .NET ThreadPool Worker Microsoft.AspNetCore.Hosting.Diagnostics - Request finished HTTP/1.1 POST http://localhost:5000/pharmacyvisit application/json 7 - 200 65 application/json;+charset=utf-8 21.3549ms
2023-03-10 13:49:52,431 INFO .NET ThreadPool Worker Microsoft.AspNetCore.Hosting.Diagnostics - Request starting HTTP/1.1 POST http://localhost:5000/pharmacyvisit application/json 7
2023-03-10 13:49:52,433 INFO .NET ThreadPool Worker Microsoft.AspNetCore.Cors.Infrastructure.CorsService - CORS policy execution successful.
2023-03-10 13:49:52,433 INFO .NET ThreadPool Worker Microsoft.AspNetCore.Routing.EndpointMiddleware - Executing endpoint 'API.Controllers.Public.PharmacyVisitController.GetPharmaciesToVisit (API)'
2023-03-10 13:49:52,434 INFO .NET ThreadPool Worker Microsoft.AspNetCore.Mvc.Infrastructure.ControllerActionInvoker - Route matched with {action = "GetPharmaciesToVisit", controller = "PharmacyVisit"}. Executing controller action with signature System.Threading.Tasks.Task`1[Microsoft.AspNetCore.Mvc.ActionResult] GetPharmaciesToVisit(Models.PharmacyVisitControllerModels.GetPharmaciesToVisitRequest) on controller API.Controllers.Public.PharmacyVisitController (API).
2023-03-10 13:49:52,447 INFO .NET ThreadPool Worker Microsoft.AspNetCore.Mvc.Infrastructure.ObjectResultExecutor - Executing OkObjectResult, writing value of type 'Models.Response`1[[Models.PharmacyVisitControllerModels.GetPharmaciesToVisitResponse, Models, Version=1.0.0.0, Culture=neutral, PublicKeyToken=null]]'.
2023-03-10 13:49:52,451 INFO .NET ThreadPool Worker Microsoft.AspNetCore.Mvc.Infrastructure.ControllerActionInvoker - Executed action API.Controllers.Public.PharmacyVisitController.GetPharmaciesToVisit (API) in 10.435ms
2023-03-10 13:49:52,453 INFO .NET ThreadPool Worker Microsoft.AspNetCore.Routing.EndpointMiddleware - Executed endpoint 'API.Controllers.Public.PharmacyVisitController.GetPharmaciesToVisit (API)'
2023-03-10 13:49:52,455 INFO .NET ThreadPool Worker Microsoft.AspNetCore.Hosting.Diagnostics - Request finished HTTP/1.1 POST http://localhost:5000/pharmacyvisit application/json 7 - 200 65 application/json;+charset=utf-8 24.2055ms
2023-03-10 13:50:02,128 INFO .NET ThreadPool Worker Microsoft.AspNetCore.Hosting.Diagnostics - Request starting HTTP/1.1 OPTIONS http://localhost:5000/pharmacyvisit - -
2023-03-10 13:50:02,132 INFO .NET ThreadPool Worker Microsoft.AspNetCore.Cors.Infrastructure.CorsService - CORS policy execution successful.
2023-03-10 13:50:02,133 INFO .NET ThreadPool Worker Microsoft.AspNetCore.Hosting.Diagnostics - Request finished HTTP/1.1 OPTIONS http://localhost:5000/pharmacyvisit - - - 204 - - 4.8654ms
2023-03-10 13:50:02,135 INFO .NET ThreadPool Worker Microsoft.AspNetCore.Hosting.Diagnostics - Request starting HTTP/1.1 POST http://localhost:5000/pharmacyvisit application/json 7
2023-03-10 13:50:02,138 INFO .NET ThreadPool Worker Microsoft.AspNetCore.Cors.Infrastructure.CorsService - CORS policy execution successful.
2023-03-10 13:50:02,138 INFO .NET ThreadPool Worker Microsoft.AspNetCore.Routing.EndpointMiddleware - Executing endpoint 'API.Controllers.Public.PharmacyVisitController.GetPharmaciesToVisit (API)'
2023-03-10 13:50:02,140 INFO .NET ThreadPool Worker Microsoft.AspNetCore.Mvc.Infrastructure.ControllerActionInvoker - Route matched with {action = "GetPharmaciesToVisit", controller = "PharmacyVisit"}. Executing controller action with signature System.Threading.Tasks.Task`1[Microsoft.AspNetCore.Mvc.ActionResult] GetPharmaciesToVisit(Models.PharmacyVisitControllerModels.GetPharmaciesToVisitRequest) on controller API.Controllers.Public.PharmacyVisitController (API).
2023-03-10 13:50:02,159 INFO .NET ThreadPool Worker Microsoft.AspNetCore.Mvc.Infrastructure.ObjectResultExecutor - Executing OkObjectResult, writing value of type 'Models.Response`1[[Models.PharmacyVisitControllerModels.GetPharmaciesToVisitResponse, Models, Version=1.0.0.0, Culture=neutral, PublicKeyToken=null]]'.
2023-03-10 13:50:02,165 INFO .NET ThreadPool Worker Microsoft.AspNetCore.Mvc.Infrastructure.ControllerActionInvoker - Executed action API.Controllers.Public.PharmacyVisitController.GetPharmaciesToVisit (API) in 11.698ms
2023-03-10 13:50:02,167 INFO .NET ThreadPool Worker Microsoft.AspNetCore.Routing.EndpointMiddleware - Executed endpoint 'API.Controllers.Public.PharmacyVisitController.GetPharmaciesToVisit (API)'
2023-03-10 13:50:02,170 INFO .NET ThreadPool Worker Microsoft.AspNetCore.Hosting.Diagnostics - Request finished HTTP/1.1 POST http://localhost:5000/pharmacyvisit application/json 7 - 200 65 application/json;+charset=utf-8 35.7367ms
2023-03-10 13:50:55,090 INFO .NET ThreadPool Worker Microsoft.AspNetCore.Hosting.Diagnostics - Request starting HTTP/1.1 OPTIONS http://localhost:5000/pharmacyvisit - -
2023-03-10 13:50:55,093 INFO .NET ThreadPool Worker Microsoft.AspNetCore.Cors.Infrastructure.CorsService - CORS policy execution successful.
2023-03-10 13:50:55,094 INFO .NET ThreadPool Worker Microsoft.AspNetCore.Hosting.Diagnostics - Request finished HTTP/1.1 OPTIONS http://localhost:5000/pharmacyvisit - - - 204 - - 3.4786ms
2023-03-10 13:50:55,101 INFO .NET ThreadPool Worker Microsoft.AspNetCore.Hosting.Diagnostics - Request starting HTTP/1.1 POST http://localhost:5000/pharmacyvisit application/json 7
2023-03-10 13:50:55,131 INFO .NET ThreadPool Worker Microsoft.AspNetCore.Cors.Infrastructure.CorsService - CORS policy execution successful.
2023-03-10 13:50:55,133 INFO .NET ThreadPool Worker Microsoft.AspNetCore.Routing.EndpointMiddleware - Executing endpoint 'API.Controllers.Public.PharmacyVisitController.GetPharmaciesToVisit (API)'
2023-03-10 13:50:55,135 INFO .NET ThreadPool Worker Microsoft.AspNetCore.Mvc.Infrastructure.ControllerActionInvoker - Route matched with {action = "GetPharmaciesToVisit", controller = "PharmacyVisit"}. Executing controller action with signature System.Threading.Tasks.Task`1[Microsoft.AspNetCore.Mvc.ActionResult] GetPharmaciesToVisit(Models.PharmacyVisitControllerModels.GetPharmaciesToVisitRequest) on controller API.Controllers.Public.PharmacyVisitController (API).
2023-03-10 13:50:55,155 INFO .NET ThreadPool Worker Microsoft.AspNetCore.Mvc.Infrastructure.ObjectResultExecutor - Executing OkObjectResult, writing value of type 'Models.Response`1[[Models.PharmacyVisitControllerModels.GetPharmaciesToVisitResponse, Models, Version=1.0.0.0, Culture=neutral, PublicKeyToken=null]]'.
2023-03-10 13:50:55,157 INFO .NET ThreadPool Worker Microsoft.AspNetCore.Mvc.Infrastructure.ControllerActionInvoker - Executed action API.Controllers.Public.PharmacyVisitController.GetPharmaciesToVisit (API) in 19.5899ms
2023-03-10 13:50:55,159 INFO .NET ThreadPool Worker Microsoft.AspNetCore.Routing.EndpointMiddleware - Executed endpoint 'API.Controllers.Public.PharmacyVisitController.GetPharmaciesToVisit (API)'
2023-03-10 13:50:55,162 INFO .NET ThreadPool Worker Microsoft.AspNetCore.Hosting.Diagnostics - Request finished HTTP/1.1 POST http://localhost:5000/pharmacyvisit application/json 7 - 200 65 application/json;+charset=utf-8 60.6566ms
2023-03-10 13:50:56,263 INFO .NET ThreadPool Worker Microsoft.AspNetCore.Hosting.Diagnostics - Request starting HTTP/1.1 POST http://localhost:5000/pharmacyvisit application/json 7
2023-03-10 13:50:56,264 INFO .NET ThreadPool Worker Microsoft.AspNetCore.Cors.Infrastructure.CorsService - CORS policy execution successful.
2023-03-10 13:50:56,265 INFO .NET ThreadPool Worker Microsoft.AspNetCore.Routing.EndpointMiddleware - Executing endpoint 'API.Controllers.Public.PharmacyVisitController.GetPharmaciesToVisit (API)'
2023-03-10 13:50:56,266 INFO .NET ThreadPool Worker Microsoft.AspNetCore.Mvc.Infrastructure.ControllerActionInvoker - Route matched with {action = "GetPharmaciesToVisit", controller = "PharmacyVisit"}. Executing controller action with signature System.Threading.Tasks.Task`1[Microsoft.AspNetCore.Mvc.ActionResult] GetPharmaciesToVisit(Models.PharmacyVisitControllerModels.GetPharmaciesToVisitRequest) on controller API.Controllers.Public.PharmacyVisitController (API).
2023-03-10 13:50:56,274 INFO .NET ThreadPool Worker Microsoft.AspNetCore.Mvc.Infrastructure.ObjectResultExecutor - Executing OkObjectResult, writing value of type 'Models.Response`1[[Models.PharmacyVisitControllerModels.GetPharmaciesToVisitResponse, Models, Version=1.0.0.0, Culture=neutral, PublicKeyToken=null]]'.
2023-03-10 13:50:56,276 INFO .NET ThreadPool Worker Microsoft.AspNetCore.Mvc.Infrastructure.ControllerActionInvoker - Executed action API.Controllers.Public.PharmacyVisitController.GetPharmaciesToVisit (API) in 9.1227ms
2023-03-10 13:50:56,277 INFO .NET ThreadPool Worker Microsoft.AspNetCore.Routing.EndpointMiddleware - Executed endpoint 'API.Controllers.Public.PharmacyVisitController.GetPharmaciesToVisit (API)'
2023-03-10 13:50:56,280 INFO .NET ThreadPool Worker Microsoft.AspNetCore.Hosting.Diagnostics - Request finished HTTP/1.1 POST http://localhost:5000/pharmacyvisit application/json 7 - 200 79 application/json;+charset=utf-8 17.2488ms
2023-03-10 13:51:06,255 INFO .NET ThreadPool Worker Microsoft.AspNetCore.Hosting.Diagnostics - Request starting HTTP/1.1 OPTIONS http://localhost:5000/pharmacyvisit - -
2023-03-10 13:51:06,257 INFO .NET ThreadPool Worker Microsoft.AspNetCore.Cors.Infrastructure.CorsService - CORS policy execution successful.
2023-03-10 13:51:06,257 INFO .NET ThreadPool Worker Microsoft.AspNetCore.Hosting.Diagnostics - Request finished HTTP/1.1 OPTIONS http://localhost:5000/pharmacyvisit - - - 204 - - 2.2292ms
2023-03-10 13:51:06,259 INFO .NET ThreadPool Worker Microsoft.AspNetCore.Hosting.Diagnostics - Request starting HTTP/1.1 POST http://localhost:5000/pharmacyvisit application/json 7
2023-03-10 13:51:06,260 INFO .NET ThreadPool Worker Microsoft.AspNetCore.Cors.Infrastructure.CorsService - CORS policy execution successful.
2023-03-10 13:51:06,261 INFO .NET ThreadPool Worker Microsoft.AspNetCore.Routing.EndpointMiddleware - Executing endpoint 'API.Controllers.Public.PharmacyVisitController.GetPharmaciesToVisit (API)'
2023-03-10 13:51:06,261 INFO .NET ThreadPool Worker Microsoft.AspNetCore.Mvc.Infrastructure.ControllerActionInvoker - Route matched with {action = "GetPharmaciesToVisit", controller = "PharmacyVisit"}. Executing controller action with signature System.Threading.Tasks.Task`1[Microsoft.AspNetCore.Mvc.ActionResult] GetPharmaciesToVisit(Models.PharmacyVisitControllerModels.GetPharmaciesToVisitRequest) on controller API.Controllers.Public.PharmacyVisitController (API).
2023-03-10 13:51:06,269 INFO .NET ThreadPool Worker Microsoft.AspNetCore.Mvc.Infrastructure.ObjectResultExecutor - Executing OkObjectResult, writing value of type 'Models.Response`1[[Models.PharmacyVisitControllerModels.GetPharmaciesToVisitResponse, Models, Version=1.0.0.0, Culture=neutral, PublicKeyToken=null]]'.
2023-03-10 13:51:06,273 INFO .NET ThreadPool Worker Microsoft.AspNetCore.Mvc.Infrastructure.ControllerActionInvoker - Executed action API.Controllers.Public.PharmacyVisitController.GetPharmaciesToVisit (API) in 10.3111ms
2023-03-10 13:51:06,275 INFO .NET ThreadPool Worker Microsoft.AspNetCore.Routing.EndpointMiddleware - Executed endpoint 'API.Controllers.Public.PharmacyVisitController.GetPharmaciesToVisit (API)'
2023-03-10 13:51:06,277 INFO .NET ThreadPool Worker Microsoft.AspNetCore.Hosting.Diagnostics - Request finished HTTP/1.1 POST http://localhost:5000/pharmacyvisit application/json 7 - 200 82 application/json;+charset=utf-8 18.3181ms
2023-03-10 13:51:09,399 INFO .NET ThreadPool Worker Microsoft.AspNetCore.Hosting.Diagnostics - Request starting HTTP/1.1 POST http://localhost:5000/pharmacyvisit application/json 7
2023-03-10 13:51:09,400 INFO .NET ThreadPool Worker Microsoft.AspNetCore.Cors.Infrastructure.CorsService - CORS policy execution successful.
2023-03-10 13:51:09,404 INFO .NET ThreadPool Worker Microsoft.AspNetCore.Routing.EndpointMiddleware - Executing endpoint 'API.Controllers.Public.PharmacyVisitController.GetPharmaciesToVisit (API)'
2023-03-10 13:51:09,406 INFO .NET ThreadPool Worker Microsoft.AspNetCore.Mvc.Infrastructure.ControllerActionInvoker - Route matched with {action = "GetPharmaciesToVisit", controller = "PharmacyVisit"}. Executing controller action with signature System.Threading.Tasks.Task`1[Microsoft.AspNetCore.Mvc.ActionResult] GetPharmaciesToVisit(Models.PharmacyVisitControllerModels.GetPharmaciesToVisitRequest) on controller API.Controllers.Public.PharmacyVisitController (API).
2023-03-10 13:51:09,413 INFO .NET ThreadPool Worker Microsoft.AspNetCore.Mvc.Infrastructure.ObjectResultExecutor - Executing OkObjectResult, writing value of type 'Models.Response`1[[Models.PharmacyVisitControllerModels.GetPharmaciesToVisitResponse, Models, Version=1.0.0.0, Culture=neutral, PublicKeyToken=null]]'.
2023-03-10 13:51:09,417 INFO .NET ThreadPool Worker Microsoft.AspNetCore.Mvc.Infrastructure.ControllerActionInvoker - Executed action API.Controllers.Public.PharmacyVisitController.GetPharmaciesToVisit (API) in 8.6213ms
2023-03-10 13:51:09,425 INFO .NET ThreadPool Worker Microsoft.AspNetCore.Routing.EndpointMiddleware - Executed endpoint 'API.Controllers.Public.PharmacyVisitController.GetPharmaciesToVisit (API)'
2023-03-10 13:51:09,428 INFO .NET ThreadPool Worker Microsoft.AspNetCore.Hosting.Diagnostics - Request finished HTTP/1.1 POST http://localhost:5000/pharmacyvisit application/json 7 - 200 103 application/json;+charset=utf-8 29.1219ms
2023-03-10 13:51:11,240 INFO .NET ThreadPool Worker Microsoft.AspNetCore.Hosting.Diagnostics - Request starting HTTP/1.1 POST http://localhost:5000/pharmacyvisit application/json 7
2023-03-10 13:51:11,241 INFO .NET ThreadPool Worker Microsoft.AspNetCore.Cors.Infrastructure.CorsService - CORS policy execution successful.
2023-03-10 13:51:11,242 INFO .NET ThreadPool Worker Microsoft.AspNetCore.Routing.EndpointMiddleware - Executing endpoint 'API.Controllers.Public.PharmacyVisitController.GetPharmaciesToVisit (API)'
2023-03-10 13:51:11,243 INFO .NET ThreadPool Worker Microsoft.AspNetCore.Mvc.Infrastructure.ControllerActionInvoker - Route matched with {action = "GetPharmaciesToVisit", controller = "PharmacyVisit"}. Executing controller action with signature System.Threading.Tasks.Task`1[Microsoft.AspNetCore.Mvc.ActionResult] GetPharmaciesToVisit(Models.PharmacyVisitControllerModels.GetPharmaciesToVisitRequest) on controller API.Controllers.Public.PharmacyVisitController (API).
2023-03-10 13:51:11,249 INFO .NET ThreadPool Worker Microsoft.AspNetCore.Mvc.Infrastructure.ObjectResultExecutor - Executing OkObjectResult, writing value of type 'Models.Response`1[[Models.PharmacyVisitControllerModels.GetPharmaciesToVisitResponse, Models, Version=1.0.0.0, Culture=neutral, PublicKeyToken=null]]'.
2023-03-10 13:51:11,250 INFO .NET ThreadPool Worker Microsoft.AspNetCore.Mvc.Infrastructure.ControllerActionInvoker - Executed action API.Controllers.Public.PharmacyVisitController.GetPharmaciesToVisit (API) in 6.0277ms
2023-03-10 13:51:11,252 INFO .NET ThreadPool Worker Microsoft.AspNetCore.Routing.EndpointMiddleware - Executed endpoint 'API.Controllers.Public.PharmacyVisitController.GetPharmaciesToVisit (API)'
2023-03-10 13:51:11,254 INFO .NET ThreadPool Worker Microsoft.AspNetCore.Hosting.Diagnostics - Request finished HTTP/1.1 POST http://localhost:5000/pharmacyvisit application/json 7 - 200 79 application/json;+charset=utf-8 13.7030ms
2023-03-10 13:53:37,996 INFO .NET ThreadPool Worker Microsoft.AspNetCore.Hosting.Diagnostics - Request starting HTTP/1.1 POST http://localhost:5000/pharmacyvisit/insert multipart/form-data;+boundary=----WebKitFormBoundaryeY7rQOIwQQFpb91Q 343
2023-03-10 13:53:38,021 INFO .NET ThreadPool Worker Microsoft.AspNetCore.Cors.Infrastructure.CorsService - CORS policy execution successful.
2023-03-10 13:53:38,025 INFO .NET ThreadPool Worker Microsoft.AspNetCore.Routing.EndpointMiddleware - Executing endpoint 'API.Controllers.Public.PharmacyVisitController.InsertPharmaciesToVisit (API)'
2023-03-10 13:53:38,031 INFO .NET ThreadPool Worker Microsoft.AspNetCore.Mvc.Infrastructure.ControllerActionInvoker - Route matched with {action = "InsertPharmaciesToVisit", controller = "PharmacyVisit"}. Executing controller action with signature System.Threading.Tasks.Task`1[Microsoft.AspNetCore.Mvc.ActionResult] InsertPharmaciesToVisit(Microsoft.AspNetCore.Http.IFormFile) on controller API.Controllers.Public.PharmacyVisitController (API).
2023-03-10 13:54:43,242 INFO .NET ThreadPool Worker Microsoft.AspNetCore.Hosting.Diagnostics - Request starting HTTP/1.1 OPTIONS http://localhost:5000/pharmacyvisit - -
2023-03-10 13:54:43,271 INFO .NET ThreadPool Worker Microsoft.AspNetCore.Cors.Infrastructure.CorsService - CORS policy execution successful.
2023-03-10 13:54:43,301 INFO .NET ThreadPool Worker Microsoft.AspNetCore.Hosting.Diagnostics - Request starting HTTP/1.1 OPTIONS http://localhost:5000/pharmacyvisit - -
2023-03-10 13:54:43,301 INFO .NET ThreadPool Worker Microsoft.AspNetCore.Hosting.Diagnostics - Request finished HTTP/1.1 OPTIONS http://localhost:5000/pharmacyvisit - - - 204 - - 58.4349ms
2023-03-10 13:54:43,333 INFO .NET ThreadPool Worker Microsoft.AspNetCore.Cors.Infrastructure.CorsService - CORS policy execution successful.
2023-03-10 13:54:43,334 INFO .NET ThreadPool Worker Microsoft.AspNetCore.Hosting.Diagnostics - Request starting HTTP/1.1 OPTIONS http://localhost:5000/pharmacyvisit - -
2023-03-10 13:54:43,361 INFO .NET ThreadPool Worker Microsoft.AspNetCore.Hosting.Diagnostics - Request starting HTTP/1.1 OPTIONS http://localhost:5000/pharmacyvisit - -
2023-03-10 13:54:43,361 INFO .NET ThreadPool Worker Microsoft.AspNetCore.Hosting.Diagnostics - Request finished HTTP/1.1 OPTIONS http://localhost:5000/pharmacyvisit - - - 204 - - 60.4317ms
2023-03-10 13:54:43,396 INFO .NET ThreadPool Worker Microsoft.AspNetCore.Cors.Infrastructure.CorsService - CORS policy execution successful.
2023-03-10 13:54:43,364 INFO .NET ThreadPool Worker Microsoft.AspNetCore.Cors.Infrastructure.CorsService - CORS policy execution successful.
2023-03-10 13:54:43,361 INFO .NET ThreadPool Worker Microsoft.AspNetCore.Hosting.Diagnostics - Request starting HTTP/1.1 OPTIONS http://localhost:5000/pharmacyvisit - -
2023-03-10 13:54:43,363 INFO .NET ThreadPool Worker Microsoft.AspNetCore.Hosting.Diagnostics - Request starting HTTP/1.1 OPTIONS http://localhost:5000/pharmacyvisit - -
2023-03-10 13:54:43,398 INFO .NET ThreadPool Worker Microsoft.AspNetCore.Hosting.Diagnostics - Request starting HTTP/1.1 OPTIONS http://localhost:5000/pharmacyvisit - -
2023-03-10 13:54:43,455 INFO .NET ThreadPool Worker Microsoft.AspNetCore.Hosting.Diagnostics - Request finished HTTP/1.1 OPTIONS http://localhost:5000/pharmacyvisit - - - 204 - - 94.0325ms
2023-03-10 13:54:43,455 INFO .NET ThreadPool Worker Microsoft.AspNetCore.Hosting.Diagnostics - Request starting HTTP/1.1 OPTIONS http://localhost:5000/pharmacyvisit - -
2023-03-10 13:54:43,459 INFO .NET ThreadPool Worker Microsoft.AspNetCore.Hosting.Diagnostics - Request finished HTTP/1.1 OPTIONS http://localhost:5000/pharmacyvisit - - - 204 - - 125.0285ms
2023-03-10 13:54:43,460 INFO .NET ThreadPool Worker Microsoft.AspNetCore.Cors.Infrastructure.CorsService - CORS policy execution successful.
2023-03-10 13:54:43,460 INFO .NET ThreadPool Worker Microsoft.AspNetCore.Cors.Infrastructure.CorsService - CORS policy execution successful.
2023-03-10 13:54:43,461 INFO .NET ThreadPool Worker Microsoft.AspNetCore.Cors.Infrastructure.CorsService - CORS policy execution successful.
2023-03-10 13:54:43,462 INFO .NET ThreadPool Worker Microsoft.AspNetCore.Hosting.Diagnostics - Request starting HTTP/1.1 OPTIONS http://localhost:5000/pharmacyvisit - -
2023-03-10 13:54:43,462 INFO .NET ThreadPool Worker Microsoft.AspNetCore.Cors.Infrastructure.CorsService - CORS policy execution successful.
2023-03-10 13:54:43,463 INFO .NET ThreadPool Worker Microsoft.AspNetCore.Hosting.Diagnostics - Request starting HTTP/1.1 OPTIONS http://localhost:5000/pharmacyvisit - -
2023-03-10 13:54:43,464 INFO .NET ThreadPool Worker Microsoft.AspNetCore.Hosting.Diagnostics - Request finished HTTP/1.1 OPTIONS http://localhost:5000/pharmacyvisit - - - 204 - - 102.7449ms
2023-03-10 13:54:43,466 INFO .NET ThreadPool Worker Microsoft.AspNetCore.Cors.Infrastructure.CorsService - CORS policy execution successful.
2023-03-10 13:54:43,468 INFO .NET ThreadPool Worker Microsoft.AspNetCore.Cors.Infrastructure.CorsService - CORS policy execution successful.
2023-03-10 13:54:43,469 INFO .NET ThreadPool Worker Microsoft.AspNetCore.Hosting.Diagnostics - Request starting HTTP/1.1 POST http://localhost:5000/pharmacyvisit/insert multipart/form-data;+boundary=----WebKitFormBoundaryOfZG76YRS5eTACzO 343
2023-03-10 13:54:43,464 INFO .NET ThreadPool Worker Microsoft.AspNetCore.Hosting.Diagnostics - Request finished HTTP/1.1 OPTIONS http://localhost:5000/pharmacyvisit - - - 204 - - 101.0617ms
2023-03-10 13:54:43,475 INFO .NET ThreadPool Worker Microsoft.AspNetCore.Hosting.Diagnostics - Request finished HTTP/1.1 OPTIONS http://localhost:5000/pharmacyvisit - - - 204 - - 13.0228ms
2023-03-10 13:54:43,476 INFO .NET ThreadPool Worker Microsoft.AspNetCore.Hosting.Diagnostics - Request finished HTTP/1.1 OPTIONS http://localhost:5000/pharmacyvisit - - - 204 - - 12.6903ms
2023-03-10 13:54:43,477 INFO .NET ThreadPool Worker Microsoft.AspNetCore.Cors.Infrastructure.CorsService - CORS policy execution successful.
2023-03-10 13:54:43,477 INFO .NET ThreadPool Worker Microsoft.AspNetCore.Hosting.Diagnostics - Request starting HTTP/1.1 OPTIONS http://localhost:5000/pharmacyvisit - -
2023-03-10 13:54:43,481 INFO .NET ThreadPool Worker Microsoft.AspNetCore.Hosting.Diagnostics - Request starting HTTP/1.1 POST http://localhost:5000/pharmacyvisit application/json 7
2023-03-10 13:54:43,481 INFO .NET ThreadPool Worker Microsoft.AspNetCore.Routing.EndpointMiddleware - Executing endpoint 'API.Controllers.Public.PharmacyVisitController.InsertPharmaciesToVisit (API)'
2023-03-10 13:54:43,465 INFO .NET ThreadPool Worker Microsoft.AspNetCore.Hosting.Diagnostics - Request finished HTTP/1.1 OPTIONS http://localhost:5000/pharmacyvisit - - - 204 - - 67.7314ms
2023-03-10 13:54:43,485 INFO .NET ThreadPool Worker Microsoft.AspNetCore.Cors.Infrastructure.CorsService - CORS policy execution successful.
2023-03-10 13:54:43,482 INFO .NET ThreadPool Worker Microsoft.AspNetCore.Hosting.Diagnostics - Request starting HTTP/1.1 POST http://localhost:5000/pharmacyvisit application/json 7
2023-03-10 13:54:43,490 INFO .NET ThreadPool Worker Microsoft.AspNetCore.Mvc.Infrastructure.ControllerActionInvoker - Route matched with {action = "InsertPharmaciesToVisit", controller = "PharmacyVisit"}. Executing controller action with signature System.Threading.Tasks.Task`1[Microsoft.AspNetCore.Mvc.ActionResult] InsertPharmaciesToVisit(Microsoft.AspNetCore.Http.IFormFile) on controller API.Controllers.Public.PharmacyVisitController (API).
2023-03-10 13:54:43,483 INFO .NET ThreadPool Worker Microsoft.AspNetCore.Cors.Infrastructure.CorsService - CORS policy execution successful.
2023-03-10 13:54:43,467 INFO .NET ThreadPool Worker Microsoft.AspNetCore.Hosting.Diagnostics - Request finished HTTP/1.1 OPTIONS http://localhost:5000/pharmacyvisit - - - 204 - - 11.4816ms
2023-03-10 13:54:43,491 INFO .NET ThreadPool Worker Microsoft.AspNetCore.Hosting.Diagnostics - Request starting HTTP/1.1 OPTIONS http://localhost:5000/pharmacyvisit - -
2023-03-10 13:54:43,492 INFO .NET ThreadPool Worker Microsoft.AspNetCore.Routing.EndpointMiddleware - Executing endpoint 'API.Controllers.Public.PharmacyVisitController.GetPharmaciesToVisit (API)'
2023-03-10 13:54:43,494 INFO .NET ThreadPool Worker Microsoft.AspNetCore.Cors.Infrastructure.CorsService - CORS policy execution successful.
2023-03-10 13:54:43,500 INFO .NET ThreadPool Worker Microsoft.AspNetCore.Mvc.Infrastructure.ControllerActionInvoker - Route matched with {action = "GetPharmaciesToVisit", controller = "PharmacyVisit"}. Executing controller action with signature System.Threading.Tasks.Task`1[Microsoft.AspNetCore.Mvc.ActionResult] GetPharmaciesToVisit(Models.PharmacyVisitControllerModels.GetPharmaciesToVisitRequest) on controller API.Controllers.Public.PharmacyVisitController (API).
2023-03-10 13:54:43,503 INFO .NET ThreadPool Worker Microsoft.AspNetCore.Routing.EndpointMiddleware - Executing endpoint 'API.Controllers.Public.PharmacyVisitController.GetPharmaciesToVisit (API)'
2023-03-10 13:54:43,496 INFO .NET ThreadPool Worker Microsoft.AspNetCore.Hosting.Diagnostics - Request finished HTTP/1.1 OPTIONS http://localhost:5000/pharmacyvisit - - - 204 - - 19.0017ms
2023-03-10 13:54:43,511 INFO .NET ThreadPool Worker Microsoft.AspNetCore.Mvc.Infrastructure.ControllerActionInvoker - Route matched with {action = "GetPharmaciesToVisit", controller = "PharmacyVisit"}. Executing controller action with signature System.Threading.Tasks.Task`1[Microsoft.AspNetCore.Mvc.ActionResult] GetPharmaciesToVisit(Models.PharmacyVisitControllerModels.GetPharmaciesToVisitRequest) on controller API.Controllers.Public.PharmacyVisitController (API).
2023-03-10 13:54:43,512 INFO .NET ThreadPool Worker Microsoft.AspNetCore.Hosting.Diagnostics - Request starting HTTP/1.1 POST http://localhost:5000/pharmacyvisit application/json 7
2023-03-10 13:54:43,498 INFO .NET ThreadPool Worker Microsoft.AspNetCore.Cors.Infrastructure.CorsService - CORS policy execution successful.
2023-03-10 13:54:43,515 INFO .NET ThreadPool Worker Microsoft.AspNetCore.Cors.Infrastructure.CorsService - CORS policy execution successful.
2023-03-10 13:54:43,524 INFO .NET ThreadPool Worker Microsoft.AspNetCore.Routing.EndpointMiddleware - Executing endpoint 'API.Controllers.Public.PharmacyVisitController.GetPharmaciesToVisit (API)'
2023-03-10 13:54:43,497 INFO .NET ThreadPool Worker Microsoft.AspNetCore.Hosting.Diagnostics - Request starting HTTP/1.1 OPTIONS http://localhost:5000/pharmacyvisit - -
2023-03-10 13:54:43,518 INFO .NET ThreadPool Worker Microsoft.AspNetCore.Hosting.Diagnostics - Request finished HTTP/1.1 OPTIONS http://localhost:5000/pharmacyvisit - - - 204 - - 26.7485ms
2023-03-10 13:54:43,525 INFO .NET ThreadPool Worker Microsoft.AspNetCore.Mvc.Infrastructure.ControllerActionInvoker - Route matched with {action = "GetPharmaciesToVisit", controller = "PharmacyVisit"}. Executing controller action with signature System.Threading.Tasks.Task`1[Microsoft.AspNetCore.Mvc.ActionResult] GetPharmaciesToVisit(Models.PharmacyVisitControllerModels.GetPharmaciesToVisitRequest) on controller API.Controllers.Public.PharmacyVisitController (API).
2023-03-10 13:54:43,526 INFO .NET ThreadPool Worker Microsoft.AspNetCore.Cors.Infrastructure.CorsService - CORS policy execution successful.
2023-03-10 13:54:43,527 INFO .NET ThreadPool Worker Microsoft.AspNetCore.Hosting.Diagnostics - Request starting HTTP/1.1 POST http://localhost:5000/pharmacyvisit application/json 7
2023-03-10 13:54:43,582 INFO .NET ThreadPool Worker Microsoft.AspNetCore.Hosting.Diagnostics - Request finished HTTP/1.1 OPTIONS http://localhost:5000/pharmacyvisit - - - 204 - - 84.8885ms
2023-03-10 13:54:43,587 INFO .NET ThreadPool Worker Microsoft.AspNetCore.Cors.Infrastructure.CorsService - CORS policy execution successful.
2023-03-10 13:54:43,591 INFO .NET ThreadPool Worker Microsoft.AspNetCore.Hosting.Diagnostics - Request starting HTTP/1.1 POST http://localhost:5000/pharmacyvisit application/json 7
2023-03-10 13:54:43,593 INFO .NET ThreadPool Worker Microsoft.AspNetCore.Routing.EndpointMiddleware - Executing endpoint 'API.Controllers.Public.PharmacyVisitController.GetPharmaciesToVisit (API)'
2023-03-10 13:54:43,595 INFO .NET ThreadPool Worker Microsoft.AspNetCore.Cors.Infrastructure.CorsService - CORS policy execution successful.
2023-03-10 13:54:43,611 INFO .NET ThreadPool Worker Microsoft.AspNetCore.Mvc.Infrastructure.ControllerActionInvoker - Route matched with {action = "GetPharmaciesToVisit", controller = "PharmacyVisit"}. Executing controller action with signature System.Threading.Tasks.Task`1[Microsoft.AspNetCore.Mvc.ActionResult] GetPharmaciesToVisit(Models.PharmacyVisitControllerModels.GetPharmaciesToVisitRequest) on controller API.Controllers.Public.PharmacyVisitController (API).
2023-03-10 13:54:43,612 INFO .NET ThreadPool Worker Microsoft.AspNetCore.Routing.EndpointMiddleware - Executing endpoint 'API.Controllers.Public.PharmacyVisitController.GetPharmaciesToVisit (API)'
2023-03-10 13:54:43,617 INFO .NET ThreadPool Worker Microsoft.AspNetCore.Mvc.Infrastructure.ControllerActionInvoker - Route matched with {action = "GetPharmaciesToVisit", controller = "PharmacyVisit"}. Executing controller action with signature System.Threading.Tasks.Task`1[Microsoft.AspNetCore.Mvc.ActionResult] GetPharmaciesToVisit(Models.PharmacyVisitControllerModels.GetPharmaciesToVisitRequest) on controller API.Controllers.Public.PharmacyVisitController (API).
2023-03-10 13:54:43,713 INFO .NET ThreadPool Worker Microsoft.AspNetCore.Mvc.Infrastructure.ObjectResultExecutor - Executing OkObjectResult, writing value of type 'Models.Response`1[[Models.PharmacyVisitControllerModels.GetPharmaciesToVisitResponse, Models, Version=1.0.0.0, Culture=neutral, PublicKeyToken=null]]'.
2023-03-10 13:54:43,715 INFO .NET ThreadPool Worker Microsoft.AspNetCore.Mvc.Infrastructure.ObjectResultExecutor - Executing OkObjectResult, writing value of type 'Models.Response`1[[Models.PharmacyVisitControllerModels.GetPharmaciesToVisitResponse, Models, Version=1.0.0.0, Culture=neutral, PublicKeyToken=null]]'.
2023-03-10 13:54:43,719 INFO .NET ThreadPool Worker Microsoft.AspNetCore.Mvc.Infrastructure.ControllerActionInvoker - Executed action API.Controllers.Public.PharmacyVisitController.GetPharmaciesToVisit (API) in 209.5063ms
2023-03-10 13:54:43,730 INFO .NET ThreadPool Worker Microsoft.AspNetCore.Routing.EndpointMiddleware - Executed endpoint 'API.Controllers.Public.PharmacyVisitController.GetPharmaciesToVisit (API)'
2023-03-10 13:54:43,725 INFO .NET ThreadPool Worker Microsoft.AspNetCore.Mvc.Infrastructure.ControllerActionInvoker - Executed action API.Controllers.Public.PharmacyVisitController.GetPharmaciesToVisit (API) in 159.0098ms
2023-03-10 13:54:43,738 INFO .NET ThreadPool Worker Microsoft.AspNetCore.Hosting.Diagnostics - Request finished HTTP/1.1 POST http://localhost:5000/pharmacyvisit application/json 7 - 200 82 application/json;+charset=utf-8 256.6199ms
2023-03-10 13:54:43,742 INFO .NET ThreadPool Worker Microsoft.AspNetCore.Routing.EndpointMiddleware - Executed endpoint 'API.Controllers.Public.PharmacyVisitController.GetPharmaciesToVisit (API)'
2023-03-10 13:54:43,759 INFO .NET ThreadPool Worker Microsoft.AspNetCore.Hosting.Diagnostics - Request finished HTTP/1.1 POST http://localhost:5000/pharmacyvisit application/json 7 - 200 82 application/json;+charset=utf-8 246.8126ms
2023-03-10 13:54:43,754 INFO .NET ThreadPool Worker Microsoft.AspNetCore.Hosting.Diagnostics - Request starting HTTP/1.1 POST http://localhost:5000/pharmacyvisit application/json 7
2023-03-10 13:54:43,763 INFO .NET ThreadPool Worker Microsoft.AspNetCore.Hosting.Diagnostics - Request starting HTTP/1.1 POST http://localhost:5000/pharmacyvisit application/json 7
2023-03-10 13:54:43,762 INFO .NET ThreadPool Worker Microsoft.AspNetCore.Mvc.Infrastructure.ObjectResultExecutor - Executing OkObjectResult, writing value of type 'Models.Response`1[[Models.PharmacyVisitControllerModels.GetPharmaciesToVisitResponse, Models, Version=1.0.0.0, Culture=neutral, PublicKeyToken=null]]'.
2023-03-10 13:54:43,761 INFO .NET ThreadPool Worker Microsoft.AspNetCore.Mvc.Infrastructure.ObjectResultExecutor - Executing OkObjectResult, writing value of type 'Models.Response`1[[Models.PharmacyVisitControllerModels.GetPharmaciesToVisitResponse, Models, Version=1.0.0.0, Culture=neutral, PublicKeyToken=null]]'.
2023-03-10 13:54:43,767 INFO .NET ThreadPool Worker Microsoft.AspNetCore.Cors.Infrastructure.CorsService - CORS policy execution successful.
2023-03-10 13:54:43,768 INFO .NET ThreadPool Worker Microsoft.AspNetCore.Mvc.Infrastructure.ObjectResultExecutor - Executing OkObjectResult, writing value of type 'Models.Response`1[[Models.PharmacyVisitControllerModels.GetPharmaciesToVisitResponse, Models, Version=1.0.0.0, Culture=neutral, PublicKeyToken=null]]'.
2023-03-10 13:54:43,771 INFO .NET ThreadPool Worker Microsoft.AspNetCore.Cors.Infrastructure.CorsService - CORS policy execution successful.
2023-03-10 13:54:43,774 INFO .NET ThreadPool Worker Microsoft.AspNetCore.Mvc.Infrastructure.ControllerActionInvoker - Executed action API.Controllers.Public.PharmacyVisitController.GetPharmaciesToVisit (API) in 258.9757ms
2023-03-10 13:54:43,776 INFO .NET ThreadPool Worker Microsoft.AspNetCore.Mvc.Infrastructure.ControllerActionInvoker - Executed action API.Controllers.Public.PharmacyVisitController.GetPharmaciesToVisit (API) in 152.5654ms
2023-03-10 13:54:43,784 INFO .NET ThreadPool Worker Microsoft.AspNetCore.Routing.EndpointMiddleware - Executing endpoint 'API.Controllers.Public.PharmacyVisitController.GetPharmaciesToVisit (API)'
2023-03-10 13:54:43,787 INFO .NET ThreadPool Worker Microsoft.AspNetCore.Mvc.Infrastructure.ControllerActionInvoker - Executed action API.Controllers.Public.PharmacyVisitController.GetPharmaciesToVisit (API) in 172.7439ms
2023-03-10 13:54:43,790 INFO .NET ThreadPool Worker Microsoft.AspNetCore.Routing.EndpointMiddleware - Executing endpoint 'API.Controllers.Public.PharmacyVisitController.GetPharmaciesToVisit (API)'
2023-03-10 13:54:43,791 INFO .NET ThreadPool Worker Microsoft.AspNetCore.Routing.EndpointMiddleware - Executed endpoint 'API.Controllers.Public.PharmacyVisitController.GetPharmaciesToVisit (API)'
2023-03-10 13:54:43,794 INFO .NET ThreadPool Worker Microsoft.AspNetCore.Routing.EndpointMiddleware - Executed endpoint 'API.Controllers.Public.PharmacyVisitController.GetPharmaciesToVisit (API)'
2023-03-10 13:54:43,809 INFO .NET ThreadPool Worker Microsoft.AspNetCore.Hosting.Diagnostics - Request finished HTTP/1.1 POST http://localhost:5000/pharmacyvisit application/json 7 - 200 82 application/json;+charset=utf-8 217.5912ms
2023-03-10 13:54:43,801 INFO .NET ThreadPool Worker Microsoft.AspNetCore.Routing.EndpointMiddleware - Executed endpoint 'API.Controllers.Public.PharmacyVisitController.GetPharmaciesToVisit (API)'
2023-03-10 13:54:43,815 INFO .NET ThreadPool Worker Microsoft.AspNetCore.Hosting.Diagnostics - Request finished HTTP/1.1 POST http://localhost:5000/pharmacyvisit application/json 7 - 200 82 application/json;+charset=utf-8 288.8079ms
2023-03-10 13:54:43,807 INFO .NET ThreadPool Worker Microsoft.AspNetCore.Hosting.Diagnostics - Request finished HTTP/1.1 POST http://localhost:5000/pharmacyvisit application/json 7 - 200 82 application/json;+charset=utf-8 324.1967ms
2023-03-10 13:54:43,797 INFO .NET ThreadPool Worker Microsoft.AspNetCore.Mvc.Infrastructure.ControllerActionInvoker - Route matched with {action = "GetPharmaciesToVisit", controller = "PharmacyVisit"}. Executing controller action with signature System.Threading.Tasks.Task`1[Microsoft.AspNetCore.Mvc.ActionResult] GetPharmaciesToVisit(Models.PharmacyVisitControllerModels.GetPharmaciesToVisitRequest) on controller API.Controllers.Public.PharmacyVisitController (API).
2023-03-10 13:54:43,804 INFO .NET ThreadPool Worker Microsoft.AspNetCore.Mvc.Infrastructure.ControllerActionInvoker - Route matched with {action = "GetPharmaciesToVisit", controller = "PharmacyVisit"}. Executing controller action with signature System.Threading.Tasks.Task`1[Microsoft.AspNetCore.Mvc.ActionResult] GetPharmaciesToVisit(Models.PharmacyVisitControllerModels.GetPharmaciesToVisitRequest) on controller API.Controllers.Public.PharmacyVisitController (API).
2023-03-10 13:54:43,833 INFO .NET ThreadPool Worker Microsoft.AspNetCore.Mvc.Infrastructure.ObjectResultExecutor - Executing OkObjectResult, writing value of type 'Models.Response`1[[Models.PharmacyVisitControllerModels.GetPharmaciesToVisitResponse, Models, Version=1.0.0.0, Culture=neutral, PublicKeyToken=null]]'.
2023-03-10 13:54:43,839 INFO .NET ThreadPool Worker Microsoft.AspNetCore.Mvc.Infrastructure.ControllerActionInvoker - Executed action API.Controllers.Public.PharmacyVisitController.GetPharmaciesToVisit (API) in 12.9522ms
2023-03-10 13:54:43,841 INFO .NET ThreadPool Worker Microsoft.AspNetCore.Mvc.Infrastructure.ObjectResultExecutor - Executing OkObjectResult, writing value of type 'Models.Response`1[[Models.PharmacyVisitControllerModels.GetPharmaciesToVisitResponse, Models, Version=1.0.0.0, Culture=neutral, PublicKeyToken=null]]'.
2023-03-10 13:54:43,843 INFO .NET ThreadPool Worker Microsoft.AspNetCore.Routing.EndpointMiddleware - Executed endpoint 'API.Controllers.Public.PharmacyVisitController.GetPharmaciesToVisit (API)'
2023-03-10 13:54:43,845 INFO .NET ThreadPool Worker Microsoft.AspNetCore.Mvc.Infrastructure.ControllerActionInvoker - Executed action API.Controllers.Public.PharmacyVisitController.GetPharmaciesToVisit (API) in 11.3939ms
2023-03-10 13:54:43,848 INFO .NET ThreadPool Worker Microsoft.AspNetCore.Hosting.Diagnostics - Request finished HTTP/1.1 POST http://localhost:5000/pharmacyvisit application/json 7 - 200 82 application/json;+charset=utf-8 93.9633ms
2023-03-10 13:54:43,849 INFO .NET ThreadPool Worker Microsoft.AspNetCore.Routing.EndpointMiddleware - Executed endpoint 'API.Controllers.Public.PharmacyVisitController.GetPharmaciesToVisit (API)'
2023-03-10 13:54:43,853 INFO .NET ThreadPool Worker Microsoft.AspNetCore.Hosting.Diagnostics - Request finished HTTP/1.1 POST http://localhost:5000/pharmacyvisit application/json 7 - 200 82 application/json;+charset=utf-8 89.5937ms
2023-03-10 13:54:43,997 INFO .NET ThreadPool Worker Microsoft.AspNetCore.Mvc.Infrastructure.ObjectResultExecutor - Executing OkObjectResult, writing value of type 'Models.Response`1[[System.Boolean, System.Private.CoreLib, Version=7.0.0.0, Culture=neutral, PublicKeyToken=7cec85d7bea7798e]]'.
2023-03-10 13:54:43,997 INFO .NET ThreadPool Worker Microsoft.AspNetCore.Mvc.Infrastructure.ObjectResultExecutor - Executing OkObjectResult, writing value of type 'Models.Response`1[[System.Boolean, System.Private.CoreLib, Version=7.0.0.0, Culture=neutral, PublicKeyToken=7cec85d7bea7798e]]'.
2023-03-10 13:54:44,001 INFO .NET ThreadPool Worker Microsoft.AspNetCore.Mvc.Infrastructure.ControllerActionInvoker - Executed action API.Controllers.Public.PharmacyVisitController.InsertPharmaciesToVisit (API) in 505.3198ms
2023-03-10 13:54:44,001 INFO .NET ThreadPool Worker Microsoft.AspNetCore.Mvc.Infrastructure.ControllerActionInvoker - Executed action API.Controllers.Public.PharmacyVisitController.InsertPharmaciesToVisit (API) in 65968.219ms
2023-03-10 13:54:44,003 INFO .NET ThreadPool Worker Microsoft.AspNetCore.Routing.EndpointMiddleware - Executed endpoint 'API.Controllers.Public.PharmacyVisitController.InsertPharmaciesToVisit (API)'
2023-03-10 13:54:44,004 INFO .NET ThreadPool Worker Microsoft.AspNetCore.Routing.EndpointMiddleware - Executed endpoint 'API.Controllers.Public.PharmacyVisitController.InsertPharmaciesToVisit (API)'
2023-03-10 13:54:44,006 INFO .NET ThreadPool Worker Microsoft.AspNetCore.Hosting.Diagnostics - Request finished HTTP/1.1 POST http://localhost:5000/pharmacyvisit/insert multipart/form-data;+boundary=----WebKitFormBoundaryOfZG76YRS5eTACzO 343 - 200 49 application/json;+charset=utf-8 536.6266ms
2023-03-10 13:54:44,007 INFO .NET ThreadPool Worker Microsoft.AspNetCore.Hosting.Diagnostics - Request finished HTTP/1.1 POST http://localhost:5000/pharmacyvisit/insert multipart/form-data;+boundary=----WebKitFormBoundaryeY7rQOIwQQFpb91Q 343 - 200 49 application/json;+charset=utf-8 66014.2860ms
2023-03-10 13:54:45,951 INFO .NET ThreadPool Worker Microsoft.AspNetCore.Hosting.Diagnostics - Request starting HTTP/1.1 POST http://localhost:5000/pharmacyvisit application/json 7
2023-03-10 13:54:45,952 INFO .NET ThreadPool Worker Microsoft.AspNetCore.Cors.Infrastructure.CorsService - CORS policy execution successful.
2023-03-10 13:54:45,957 INFO .NET ThreadPool Worker Microsoft.AspNetCore.Routing.EndpointMiddleware - Executing endpoint 'API.Controllers.Public.PharmacyVisitController.GetPharmaciesToVisit (API)'
2023-03-10 13:54:45,958 INFO .NET ThreadPool Worker Microsoft.AspNetCore.Mvc.Infrastructure.ControllerActionInvoker - Route matched with {action = "GetPharmaciesToVisit", controller = "PharmacyVisit"}. Executing controller action with signature System.Threading.Tasks.Task`1[Microsoft.AspNetCore.Mvc.ActionResult] GetPharmaciesToVisit(Models.PharmacyVisitControllerModels.GetPharmaciesToVisitRequest) on controller API.Controllers.Public.PharmacyVisitController (API).
2023-03-10 13:54:45,967 INFO .NET ThreadPool Worker Microsoft.AspNetCore.Mvc.Infrastructure.ObjectResultExecutor - Executing OkObjectResult, writing value of type 'Models.Response`1[[Models.PharmacyVisitControllerModels.GetPharmaciesToVisitResponse, Models, Version=1.0.0.0, Culture=neutral, PublicKeyToken=null]]'.
2023-03-10 13:54:45,969 INFO .NET ThreadPool Worker Microsoft.AspNetCore.Mvc.Infrastructure.ControllerActionInvoker - Executed action API.Controllers.Public.PharmacyVisitController.GetPharmaciesToVisit (API) in 8.9529ms
2023-03-10 13:54:45,972 INFO .NET ThreadPool Worker Microsoft.AspNetCore.Routing.EndpointMiddleware - Executed endpoint 'API.Controllers.Public.PharmacyVisitController.GetPharmaciesToVisit (API)'
2023-03-10 13:54:45,974 INFO .NET ThreadPool Worker Microsoft.AspNetCore.Hosting.Diagnostics - Request finished HTTP/1.1 POST http://localhost:5000/pharmacyvisit application/json 7 - 200 78 application/json;+charset=utf-8 23.0082ms
2023-03-10 13:54:47,887 INFO .NET ThreadPool Worker Microsoft.AspNetCore.Hosting.Diagnostics - Request starting HTTP/1.1 POST http://localhost:5000/pharmacyvisit application/json 7
2023-03-10 13:54:47,888 INFO .NET ThreadPool Worker Microsoft.AspNetCore.Cors.Infrastructure.CorsService - CORS policy execution successful.
2023-03-10 13:54:47,889 INFO .NET ThreadPool Worker Microsoft.AspNetCore.Routing.EndpointMiddleware - Executing endpoint 'API.Controllers.Public.PharmacyVisitController.GetPharmaciesToVisit (API)'
2023-03-10 13:54:47,890 INFO .NET ThreadPool Worker Microsoft.AspNetCore.Mvc.Infrastructure.ControllerActionInvoker - Route matched with {action = "GetPharmaciesToVisit", controller = "PharmacyVisit"}. Executing controller action with signature System.Threading.Tasks.Task`1[Microsoft.AspNetCore.Mvc.ActionResult] GetPharmaciesToVisit(Models.PharmacyVisitControllerModels.GetPharmaciesToVisitRequest) on controller API.Controllers.Public.PharmacyVisitController (API).
2023-03-10 13:54:47,897 INFO .NET ThreadPool Worker Microsoft.AspNetCore.Mvc.Infrastructure.ObjectResultExecutor - Executing OkObjectResult, writing value of type 'Models.Response`1[[Models.PharmacyVisitControllerModels.GetPharmaciesToVisitResponse, Models, Version=1.0.0.0, Culture=neutral, PublicKeyToken=null]]'.
2023-03-10 13:54:47,899 INFO .NET ThreadPool Worker Microsoft.AspNetCore.Mvc.Infrastructure.ControllerActionInvoker - Executed action API.Controllers.Public.PharmacyVisitController.GetPharmaciesToVisit (API) in 7.4708ms
2023-03-10 13:54:47,901 INFO .NET ThreadPool Worker Microsoft.AspNetCore.Routing.EndpointMiddleware - Executed endpoint 'API.Controllers.Public.PharmacyVisitController.GetPharmaciesToVisit (API)'
2023-03-10 13:54:47,903 INFO .NET ThreadPool Worker Microsoft.AspNetCore.Hosting.Diagnostics - Request finished HTTP/1.1 POST http://localhost:5000/pharmacyvisit application/json 7 - 200 65 application/json;+charset=utf-8 15.7427ms
2023-03-10 13:55:36,368 INFO .NET ThreadPool Worker Microsoft.AspNetCore.Hosting.Diagnostics - Request starting HTTP/1.1 OPTIONS http://localhost:5000/pharmacyvisit - -
2023-03-10 13:55:36,370 INFO .NET ThreadPool Worker Microsoft.AspNetCore.Cors.Infrastructure.CorsService - CORS policy execution successful.
2023-03-10 13:55:36,377 INFO .NET ThreadPool Worker Microsoft.AspNetCore.Hosting.Diagnostics - Request finished HTTP/1.1 OPTIONS http://localhost:5000/pharmacyvisit - - - 204 - - 8.7638ms
2023-03-10 13:55:36,378 INFO .NET ThreadPool Worker Microsoft.AspNetCore.Hosting.Diagnostics - Request starting HTTP/1.1 POST http://localhost:5000/pharmacyvisit application/json 7
2023-03-10 13:55:36,381 INFO .NET ThreadPool Worker Microsoft.AspNetCore.Cors.Infrastructure.CorsService - CORS policy execution successful.
2023-03-10 13:55:36,390 INFO .NET ThreadPool Worker Microsoft.AspNetCore.Routing.EndpointMiddleware - Executing endpoint 'API.Controllers.Public.PharmacyVisitController.GetPharmaciesToVisit (API)'
2023-03-10 13:55:36,391 INFO .NET ThreadPool Worker Microsoft.AspNetCore.Mvc.Infrastructure.ControllerActionInvoker - Route matched with {action = "GetPharmaciesToVisit", controller = "PharmacyVisit"}. Executing controller action with signature System.Threading.Tasks.Task`1[Microsoft.AspNetCore.Mvc.ActionResult] GetPharmaciesToVisit(Models.PharmacyVisitControllerModels.GetPharmaciesToVisitRequest) on controller API.Controllers.Public.PharmacyVisitController (API).
2023-03-10 13:55:36,417 INFO .NET ThreadPool Worker Microsoft.AspNetCore.Mvc.Infrastructure.ObjectResultExecutor - Executing OkObjectResult, writing value of type 'Models.Response`1[[Models.PharmacyVisitControllerModels.GetPharmaciesToVisitResponse, Models, Version=1.0.0.0, Culture=neutral, PublicKeyToken=null]]'.
2023-03-10 13:55:36,418 INFO .NET ThreadPool Worker Microsoft.AspNetCore.Mvc.Infrastructure.ControllerActionInvoker - Executed action API.Controllers.Public.PharmacyVisitController.GetPharmaciesToVisit (API) in 18.9126ms
2023-03-10 13:55:36,420 INFO .NET ThreadPool Worker Microsoft.AspNetCore.Routing.EndpointMiddleware - Executed endpoint 'API.Controllers.Public.PharmacyVisitController.GetPharmaciesToVisit (API)'
2023-03-10 13:55:36,423 INFO .NET ThreadPool Worker Microsoft.AspNetCore.Hosting.Diagnostics - Request finished HTTP/1.1 POST http://localhost:5000/pharmacyvisit application/json 7 - 200 65 application/json;+charset=utf-8 44.4343ms
2023-03-10 13:55:37,111 INFO .NET ThreadPool Worker Microsoft.AspNetCore.Hosting.Diagnostics - Request starting HTTP/1.1 POST http://localhost:5000/pharmacyvisit application/json 7
2023-03-10 13:55:37,112 INFO .NET ThreadPool Worker Microsoft.AspNetCore.Cors.Infrastructure.CorsService - CORS policy execution successful.
2023-03-10 13:55:37,113 INFO .NET ThreadPool Worker Microsoft.AspNetCore.Routing.EndpointMiddleware - Executing endpoint 'API.Controllers.Public.PharmacyVisitController.GetPharmaciesToVisit (API)'
2023-03-10 13:55:37,113 INFO .NET ThreadPool Worker Microsoft.AspNetCore.Mvc.Infrastructure.ControllerActionInvoker - Route matched with {action = "GetPharmaciesToVisit", controller = "PharmacyVisit"}. Executing controller action with signature System.Threading.Tasks.Task`1[Microsoft.AspNetCore.Mvc.ActionResult] GetPharmaciesToVisit(Models.PharmacyVisitControllerModels.GetPharmaciesToVisitRequest) on controller API.Controllers.Public.PharmacyVisitController (API).
2023-03-10 13:55:37,123 INFO .NET ThreadPool Worker Microsoft.AspNetCore.Mvc.Infrastructure.ObjectResultExecutor - Executing OkObjectResult, writing value of type 'Models.Response`1[[Models.PharmacyVisitControllerModels.GetPharmaciesToVisitResponse, Models, Version=1.0.0.0, Culture=neutral, PublicKeyToken=null]]'.
2023-03-10 13:55:37,125 INFO .NET ThreadPool Worker Microsoft.AspNetCore.Mvc.Infrastructure.ControllerActionInvoker - Executed action API.Controllers.Public.PharmacyVisitController.GetPharmaciesToVisit (API) in 7.6168ms
2023-03-10 13:55:37,128 INFO .NET ThreadPool Worker Microsoft.AspNetCore.Routing.EndpointMiddleware - Executed endpoint 'API.Controllers.Public.PharmacyVisitController.GetPharmaciesToVisit (API)'
2023-03-10 13:55:37,129 INFO .NET ThreadPool Worker Microsoft.AspNetCore.Hosting.Diagnostics - Request finished HTTP/1.1 POST http://localhost:5000/pharmacyvisit application/json 7 - 200 65 application/json;+charset=utf-8 18.0766ms
2023-03-10 13:55:41,563 INFO .NET ThreadPool Worker Microsoft.AspNetCore.Hosting.Diagnostics - Request starting HTTP/1.1 OPTIONS http://localhost:5000/pharmacyvisit - -
2023-03-10 13:55:41,564 INFO .NET ThreadPool Worker Microsoft.AspNetCore.Cors.Infrastructure.CorsService - CORS policy execution successful.
2023-03-10 13:55:41,565 INFO .NET ThreadPool Worker Microsoft.AspNetCore.Hosting.Diagnostics - Request finished HTTP/1.1 OPTIONS http://localhost:5000/pharmacyvisit - - - 204 - - 2.5045ms
2023-03-10 13:55:41,566 INFO .NET ThreadPool Worker Microsoft.AspNetCore.Hosting.Diagnostics - Request starting HTTP/1.1 POST http://localhost:5000/pharmacyvisit application/json 7
2023-03-10 13:55:41,567 INFO .NET ThreadPool Worker Microsoft.AspNetCore.Cors.Infrastructure.CorsService - CORS policy execution successful.
2023-03-10 13:55:41,568 INFO .NET ThreadPool Worker Microsoft.AspNetCore.Routing.EndpointMiddleware - Executing endpoint 'API.Controllers.Public.PharmacyVisitController.GetPharmaciesToVisit (API)'
2023-03-10 13:55:41,569 INFO .NET ThreadPool Worker Microsoft.AspNetCore.Mvc.Infrastructure.ControllerActionInvoker - Route matched with {action = "GetPharmaciesToVisit", controller = "PharmacyVisit"}. Executing controller action with signature System.Threading.Tasks.Task`1[Microsoft.AspNetCore.Mvc.ActionResult] GetPharmaciesToVisit(Models.PharmacyVisitControllerModels.GetPharmaciesToVisitRequest) on controller API.Controllers.Public.PharmacyVisitController (API).
2023-03-10 13:55:41,579 INFO .NET ThreadPool Worker Microsoft.AspNetCore.Mvc.Infrastructure.ObjectResultExecutor - Executing OkObjectResult, writing value of type 'Models.Response`1[[Models.PharmacyVisitControllerModels.GetPharmaciesToVisitResponse, Models, Version=1.0.0.0, Culture=neutral, PublicKeyToken=null]]'.
2023-03-10 13:55:41,583 INFO .NET ThreadPool Worker Microsoft.AspNetCore.Mvc.Infrastructure.ControllerActionInvoker - Executed action API.Controllers.Public.PharmacyVisitController.GetPharmaciesToVisit (API) in 12.791ms
2023-03-10 13:55:41,586 INFO .NET ThreadPool Worker Microsoft.AspNetCore.Routing.EndpointMiddleware - Executed endpoint 'API.Controllers.Public.PharmacyVisitController.GetPharmaciesToVisit (API)'
2023-03-10 13:55:41,589 INFO .NET ThreadPool Worker Microsoft.AspNetCore.Hosting.Diagnostics - Request finished HTTP/1.1 POST http://localhost:5000/pharmacyvisit application/json 7 - 200 78 application/json;+charset=utf-8 22.2612ms
2023-03-10 13:55:44,059 INFO .NET ThreadPool Worker Microsoft.AspNetCore.Hosting.Diagnostics - Request starting HTTP/1.1 POST http://localhost:5000/pharmacyvisit application/json 7
2023-03-10 13:55:44,060 INFO .NET ThreadPool Worker Microsoft.AspNetCore.Cors.Infrastructure.CorsService - CORS policy execution successful.
2023-03-10 13:55:44,061 INFO .NET ThreadPool Worker Microsoft.AspNetCore.Routing.EndpointMiddleware - Executing endpoint 'API.Controllers.Public.PharmacyVisitController.GetPharmaciesToVisit (API)'
2023-03-10 13:55:44,062 INFO .NET ThreadPool Worker Microsoft.AspNetCore.Mvc.Infrastructure.ControllerActionInvoker - Route matched with {action = "GetPharmaciesToVisit", controller = "PharmacyVisit"}. Executing controller action with signature System.Threading.Tasks.Task`1[Microsoft.AspNetCore.Mvc.ActionResult] GetPharmaciesToVisit(Models.PharmacyVisitControllerModels.GetPharmaciesToVisitRequest) on controller API.Controllers.Public.PharmacyVisitController (API).
2023-03-10 13:55:44,070 INFO .NET ThreadPool Worker Microsoft.AspNetCore.Mvc.Infrastructure.ObjectResultExecutor - Executing OkObjectResult, writing value of type 'Models.Response`1[[Models.PharmacyVisitControllerModels.GetPharmaciesToVisitResponse, Models, Version=1.0.0.0, Culture=neutral, PublicKeyToken=null]]'.
2023-03-10 13:55:44,072 INFO .NET ThreadPool Worker Microsoft.AspNetCore.Mvc.Infrastructure.ControllerActionInvoker - Executed action API.Controllers.Public.PharmacyVisitController.GetPharmaciesToVisit (API) in 8.6844ms
2023-03-10 13:55:44,074 INFO .NET ThreadPool Worker Microsoft.AspNetCore.Routing.EndpointMiddleware - Executed endpoint 'API.Controllers.Public.PharmacyVisitController.GetPharmaciesToVisit (API)'
2023-03-10 13:55:44,077 INFO .NET ThreadPool Worker Microsoft.AspNetCore.Hosting.Diagnostics - Request finished HTTP/1.1 POST http://localhost:5000/pharmacyvisit application/json 7 - 200 65 application/json;+charset=utf-8 17.9983ms
2023-03-10 13:56:15,552 INFO .NET ThreadPool Worker Microsoft.AspNetCore.Hosting.Diagnostics - Request starting HTTP/1.1 OPTIONS http://localhost:5000/pharmacyvisit - -
2023-03-10 13:56:15,553 INFO .NET ThreadPool Worker Microsoft.AspNetCore.Cors.Infrastructure.CorsService - CORS policy execution successful.
2023-03-10 13:56:15,558 INFO .NET ThreadPool Worker Microsoft.AspNetCore.Hosting.Diagnostics - Request finished HTTP/1.1 OPTIONS http://localhost:5000/pharmacyvisit - - - 204 - - 5.9338ms
2023-03-10 13:56:15,559 INFO .NET ThreadPool Worker Microsoft.AspNetCore.Hosting.Diagnostics - Request starting HTTP/1.1 POST http://localhost:5000/pharmacyvisit application/json 7
2023-03-10 13:56:15,560 INFO .NET ThreadPool Worker Microsoft.AspNetCore.Cors.Infrastructure.CorsService - CORS policy execution successful.
2023-03-10 13:56:15,561 INFO .NET ThreadPool Worker Microsoft.AspNetCore.Routing.EndpointMiddleware - Executing endpoint 'API.Controllers.Public.PharmacyVisitController.GetPharmaciesToVisit (API)'
2023-03-10 13:56:15,561 INFO .NET ThreadPool Worker Microsoft.AspNetCore.Mvc.Infrastructure.ControllerActionInvoker - Route matched with {action = "GetPharmaciesToVisit", controller = "PharmacyVisit"}. Executing controller action with signature System.Threading.Tasks.Task`1[Microsoft.AspNetCore.Mvc.ActionResult] GetPharmaciesToVisit(Models.PharmacyVisitControllerModels.GetPharmaciesToVisitRequest) on controller API.Controllers.Public.PharmacyVisitController (API).
2023-03-10 13:56:15,583 INFO .NET ThreadPool Worker Microsoft.AspNetCore.Mvc.Infrastructure.ObjectResultExecutor - Executing OkObjectResult, writing value of type 'Models.Response`1[[Models.PharmacyVisitControllerModels.GetPharmaciesToVisitResponse, Models, Version=1.0.0.0, Culture=neutral, PublicKeyToken=null]]'.
2023-03-10 13:56:15,586 INFO .NET ThreadPool Worker Microsoft.AspNetCore.Mvc.Infrastructure.ControllerActionInvoker - Executed action API.Controllers.Public.PharmacyVisitController.GetPharmaciesToVisit (API) in 23.5477ms
2023-03-10 13:56:15,588 INFO .NET ThreadPool Worker Microsoft.AspNetCore.Routing.EndpointMiddleware - Executed endpoint 'API.Controllers.Public.PharmacyVisitController.GetPharmaciesToVisit (API)'
2023-03-10 13:56:15,590 INFO .NET ThreadPool Worker Microsoft.AspNetCore.Hosting.Diagnostics - Request finished HTTP/1.1 POST http://localhost:5000/pharmacyvisit application/json 7 - 200 65 application/json;+charset=utf-8 30.4952ms
2023-03-10 13:56:18,183 INFO .NET ThreadPool Worker Microsoft.AspNetCore.Hosting.Diagnostics - Request starting HTTP/1.1 POST http://localhost:5000/pharmacyvisit application/json 7
2023-03-10 13:56:18,184 INFO .NET ThreadPool Worker Microsoft.AspNetCore.Cors.Infrastructure.CorsService - CORS policy execution successful.
2023-03-10 13:56:18,185 INFO .NET ThreadPool Worker Microsoft.AspNetCore.Routing.EndpointMiddleware - Executing endpoint 'API.Controllers.Public.PharmacyVisitController.GetPharmaciesToVisit (API)'
2023-03-10 13:56:18,186 INFO .NET ThreadPool Worker Microsoft.AspNetCore.Mvc.Infrastructure.ControllerActionInvoker - Route matched with {action = "GetPharmaciesToVisit", controller = "PharmacyVisit"}. Executing controller action with signature System.Threading.Tasks.Task`1[Microsoft.AspNetCore.Mvc.ActionResult] GetPharmaciesToVisit(Models.PharmacyVisitControllerModels.GetPharmaciesToVisitRequest) on controller API.Controllers.Public.PharmacyVisitController (API).
2023-03-10 13:56:18,195 INFO .NET ThreadPool Worker Microsoft.AspNetCore.Mvc.Infrastructure.ObjectResultExecutor - Executing OkObjectResult, writing value of type 'Models.Response`1[[Models.PharmacyVisitControllerModels.GetPharmaciesToVisitResponse, Models, Version=1.0.0.0, Culture=neutral, PublicKeyToken=null]]'.
2023-03-10 13:56:18,197 INFO .NET ThreadPool Worker Microsoft.AspNetCore.Mvc.Infrastructure.ControllerActionInvoker - Executed action API.Controllers.Public.PharmacyVisitController.GetPharmaciesToVisit (API) in 8.6641ms
2023-03-10 13:56:18,200 INFO .NET ThreadPool Worker Microsoft.AspNetCore.Routing.EndpointMiddleware - Executed endpoint 'API.Controllers.Public.PharmacyVisitController.GetPharmaciesToVisit (API)'
2023-03-10 13:56:18,207 INFO .NET ThreadPool Worker Microsoft.AspNetCore.Hosting.Diagnostics - Request finished HTTP/1.1 POST http://localhost:5000/pharmacyvisit application/json 7 - 200 78 application/json;+charset=utf-8 23.2970ms
2023-03-10 13:56:19,623 INFO .NET ThreadPool Worker Microsoft.AspNetCore.Hosting.Diagnostics - Request starting HTTP/1.1 POST http://localhost:5000/pharmacyvisit application/json 7
2023-03-10 13:56:19,624 INFO .NET ThreadPool Worker Microsoft.AspNetCore.Cors.Infrastructure.CorsService - CORS policy execution successful.
2023-03-10 13:56:19,625 INFO .NET ThreadPool Worker Microsoft.AspNetCore.Routing.EndpointMiddleware - Executing endpoint 'API.Controllers.Public.PharmacyVisitController.GetPharmaciesToVisit (API)'
2023-03-10 13:56:19,629 INFO .NET ThreadPool Worker Microsoft.AspNetCore.Mvc.Infrastructure.ControllerActionInvoker - Route matched with {action = "GetPharmaciesToVisit", controller = "PharmacyVisit"}. Executing controller action with signature System.Threading.Tasks.Task`1[Microsoft.AspNetCore.Mvc.ActionResult] GetPharmaciesToVisit(Models.PharmacyVisitControllerModels.GetPharmaciesToVisitRequest) on controller API.Controllers.Public.PharmacyVisitController (API).
2023-03-10 13:56:19,637 INFO .NET ThreadPool Worker Microsoft.AspNetCore.Mvc.Infrastructure.ObjectResultExecutor - Executing OkObjectResult, writing value of type 'Models.Response`1[[Models.PharmacyVisitControllerModels.GetPharmaciesToVisitResponse, Models, Version=1.0.0.0, Culture=neutral, PublicKeyToken=null]]'.
2023-03-10 13:56:19,639 INFO .NET ThreadPool Worker Microsoft.AspNetCore.Mvc.Infrastructure.ControllerActionInvoker - Executed action API.Controllers.Public.PharmacyVisitController.GetPharmaciesToVisit (API) in 7.7876ms
2023-03-10 13:56:19,642 INFO .NET ThreadPool Worker Microsoft.AspNetCore.Routing.EndpointMiddleware - Executed endpoint 'API.Controllers.Public.PharmacyVisitController.GetPharmaciesToVisit (API)'
2023-03-10 13:56:19,646 INFO .NET ThreadPool Worker Microsoft.AspNetCore.Hosting.Diagnostics - Request finished HTTP/1.1 POST http://localhost:5000/pharmacyvisit application/json 7 - 200 82 application/json;+charset=utf-8 23.1430ms
2023-03-10 13:56:21,432 INFO .NET ThreadPool Worker Microsoft.AspNetCore.Hosting.Diagnostics - Request starting HTTP/1.1 OPTIONS http://localhost:5000/pharmacyvisit - -
2023-03-10 13:56:21,433 INFO .NET ThreadPool Worker Microsoft.AspNetCore.Cors.Infrastructure.CorsService - CORS policy execution successful.
2023-03-10 13:56:21,434 INFO .NET ThreadPool Worker Microsoft.AspNetCore.Hosting.Diagnostics - Request finished HTTP/1.1 OPTIONS http://localhost:5000/pharmacyvisit - - - 204 - - 1.8800ms
2023-03-10 13:56:21,435 INFO .NET ThreadPool Worker Microsoft.AspNetCore.Hosting.Diagnostics - Request starting HTTP/1.1 POST http://localhost:5000/pharmacyvisit application/json 7
2023-03-10 13:56:21,437 INFO .NET ThreadPool Worker Microsoft.AspNetCore.Cors.Infrastructure.CorsService - CORS policy execution successful.
2023-03-10 13:56:21,438 INFO .NET ThreadPool Worker Microsoft.AspNetCore.Routing.EndpointMiddleware - Executing endpoint 'API.Controllers.Public.PharmacyVisitController.GetPharmaciesToVisit (API)'
2023-03-10 13:56:21,439 INFO .NET ThreadPool Worker Microsoft.AspNetCore.Mvc.Infrastructure.ControllerActionInvoker - Route matched with {action = "GetPharmaciesToVisit", controller = "PharmacyVisit"}. Executing controller action with signature System.Threading.Tasks.Task`1[Microsoft.AspNetCore.Mvc.ActionResult] GetPharmaciesToVisit(Models.PharmacyVisitControllerModels.GetPharmaciesToVisitRequest) on controller API.Controllers.Public.PharmacyVisitController (API).
2023-03-10 13:56:21,446 INFO .NET ThreadPool Worker Microsoft.AspNetCore.Mvc.Infrastructure.ObjectResultExecutor - Executing OkObjectResult, writing value of type 'Models.Response`1[[Models.PharmacyVisitControllerModels.GetPharmaciesToVisitResponse, Models, Version=1.0.0.0, Culture=neutral, PublicKeyToken=null]]'.
2023-03-10 13:56:21,451 INFO .NET ThreadPool Worker Microsoft.AspNetCore.Mvc.Infrastructure.ControllerActionInvoker - Executed action API.Controllers.Public.PharmacyVisitController.GetPharmaciesToVisit (API) in 10.6229ms
2023-03-10 13:56:21,454 INFO .NET ThreadPool Worker Microsoft.AspNetCore.Routing.EndpointMiddleware - Executed endpoint 'API.Controllers.Public.PharmacyVisitController.GetPharmaciesToVisit (API)'
2023-03-10 13:56:21,456 INFO .NET ThreadPool Worker Microsoft.AspNetCore.Hosting.Diagnostics - Request finished HTTP/1.1 POST http://localhost:5000/pharmacyvisit application/json 7 - 200 82 application/json;+charset=utf-8 21.1279ms
2023-03-10 13:56:22,711 INFO .NET ThreadPool Worker Microsoft.AspNetCore.Hosting.Diagnostics - Request starting HTTP/1.1 POST http://localhost:5000/pharmacyvisit application/json 7
2023-03-10 13:56:22,712 INFO .NET ThreadPool Worker Microsoft.AspNetCore.Cors.Infrastructure.CorsService - CORS policy execution successful.
2023-03-10 13:56:22,713 INFO .NET ThreadPool Worker Microsoft.AspNetCore.Routing.EndpointMiddleware - Executing endpoint 'API.Controllers.Public.PharmacyVisitController.GetPharmaciesToVisit (API)'
2023-03-10 13:56:22,715 INFO .NET ThreadPool Worker Microsoft.AspNetCore.Mvc.Infrastructure.ControllerActionInvoker - Route matched with {action = "GetPharmaciesToVisit", controller = "PharmacyVisit"}. Executing controller action with signature System.Threading.Tasks.Task`1[Microsoft.AspNetCore.Mvc.ActionResult] GetPharmaciesToVisit(Models.PharmacyVisitControllerModels.GetPharmaciesToVisitRequest) on controller API.Controllers.Public.PharmacyVisitController (API).
2023-03-10 13:56:22,723 INFO .NET ThreadPool Worker Microsoft.AspNetCore.Mvc.Infrastructure.ObjectResultExecutor - Executing OkObjectResult, writing value of type 'Models.Response`1[[Models.PharmacyVisitControllerModels.GetPharmaciesToVisitResponse, Models, Version=1.0.0.0, Culture=neutral, PublicKeyToken=null]]'.
2023-03-10 13:56:22,725 INFO .NET ThreadPool Worker Microsoft.AspNetCore.Mvc.Infrastructure.ControllerActionInvoker - Executed action API.Controllers.Public.PharmacyVisitController.GetPharmaciesToVisit (API) in 8.5991ms
2023-03-10 13:56:22,728 INFO .NET ThreadPool Worker Microsoft.AspNetCore.Routing.EndpointMiddleware - Executed endpoint 'API.Controllers.Public.PharmacyVisitController.GetPharmaciesToVisit (API)'
2023-03-10 13:56:22,733 INFO .NET ThreadPool Worker Microsoft.AspNetCore.Hosting.Diagnostics - Request finished HTTP/1.1 POST http://localhost:5000/pharmacyvisit application/json 7 - 200 82 application/json;+charset=utf-8 21.8685ms
2023-03-10 13:56:24,439 INFO .NET ThreadPool Worker Microsoft.AspNetCore.Hosting.Diagnostics - Request starting HTTP/1.1 POST http://localhost:5000/pharmacyvisit application/json 7
2023-03-10 13:56:24,440 INFO .NET ThreadPool Worker Microsoft.AspNetCore.Cors.Infrastructure.CorsService - CORS policy execution successful.
2023-03-10 13:56:24,441 INFO .NET ThreadPool Worker Microsoft.AspNetCore.Routing.EndpointMiddleware - Executing endpoint 'API.Controllers.Public.PharmacyVisitController.GetPharmaciesToVisit (API)'
2023-03-10 13:56:24,442 INFO .NET ThreadPool Worker Microsoft.AspNetCore.Mvc.Infrastructure.ControllerActionInvoker - Route matched with {action = "GetPharmaciesToVisit", controller = "PharmacyVisit"}. Executing controller action with signature System.Threading.Tasks.Task`1[Microsoft.AspNetCore.Mvc.ActionResult] GetPharmaciesToVisit(Models.PharmacyVisitControllerModels.GetPharmaciesToVisitRequest) on controller API.Controllers.Public.PharmacyVisitController (API).
2023-03-10 13:56:24,449 INFO .NET ThreadPool Worker Microsoft.AspNetCore.Mvc.Infrastructure.ObjectResultExecutor - Executing OkObjectResult, writing value of type 'Models.Response`1[[Models.PharmacyVisitControllerModels.GetPharmaciesToVisitResponse, Models, Version=1.0.0.0, Culture=neutral, PublicKeyToken=null]]'.
2023-03-10 13:56:24,454 INFO .NET ThreadPool Worker Microsoft.AspNetCore.Mvc.Infrastructure.ControllerActionInvoker - Executed action API.Controllers.Public.PharmacyVisitController.GetPharmaciesToVisit (API) in 10.7426ms
2023-03-10 13:56:24,458 INFO .NET ThreadPool Worker Microsoft.AspNetCore.Routing.EndpointMiddleware - Executed endpoint 'API.Controllers.Public.PharmacyVisitController.GetPharmaciesToVisit (API)'
2023-03-10 13:56:24,459 INFO .NET ThreadPool Worker Microsoft.AspNetCore.Hosting.Diagnostics - Request finished HTTP/1.1 POST http://localhost:5000/pharmacyvisit application/json 7 - 200 82 application/json;+charset=utf-8 20.1774ms
2023-03-10 13:56:25,847 INFO .NET ThreadPool Worker Microsoft.AspNetCore.Hosting.Diagnostics - Request starting HTTP/1.1 POST http://localhost:5000/pharmacyvisit application/json 7
2023-03-10 13:56:25,849 INFO .NET ThreadPool Worker Microsoft.AspNetCore.Cors.Infrastructure.CorsService - CORS policy execution successful.
2023-03-10 13:56:25,849 INFO .NET ThreadPool Worker Microsoft.AspNetCore.Routing.EndpointMiddleware - Executing endpoint 'API.Controllers.Public.PharmacyVisitController.GetPharmaciesToVisit (API)'
2023-03-10 13:56:25,850 INFO .NET ThreadPool Worker Microsoft.AspNetCore.Mvc.Infrastructure.ControllerActionInvoker - Route matched with {action = "GetPharmaciesToVisit", controller = "PharmacyVisit"}. Executing controller action with signature System.Threading.Tasks.Task`1[Microsoft.AspNetCore.Mvc.ActionResult] GetPharmaciesToVisit(Models.PharmacyVisitControllerModels.GetPharmaciesToVisitRequest) on controller API.Controllers.Public.PharmacyVisitController (API).
2023-03-10 13:56:25,862 INFO .NET ThreadPool Worker Microsoft.AspNetCore.Mvc.Infrastructure.ObjectResultExecutor - Executing OkObjectResult, writing value of type 'Models.Response`1[[Models.PharmacyVisitControllerModels.GetPharmaciesToVisitResponse, Models, Version=1.0.0.0, Culture=neutral, PublicKeyToken=null]]'.
2023-03-10 13:56:25,865 INFO .NET ThreadPool Worker Microsoft.AspNetCore.Mvc.Infrastructure.ControllerActionInvoker - Executed action API.Controllers.Public.PharmacyVisitController.GetPharmaciesToVisit (API) in 7.6179ms
2023-03-10 13:56:25,867 INFO .NET ThreadPool Worker Microsoft.AspNetCore.Routing.EndpointMiddleware - Executed endpoint 'API.Controllers.Public.PharmacyVisitController.GetPharmaciesToVisit (API)'
2023-03-10 13:56:25,872 INFO .NET ThreadPool Worker Microsoft.AspNetCore.Hosting.Diagnostics - Request finished HTTP/1.1 POST http://localhost:5000/pharmacyvisit application/json 7 - 200 78 application/json;+charset=utf-8 24.2535ms
2023-03-10 13:58:40,307 INFO .NET ThreadPool Worker Microsoft.AspNetCore.Hosting.Diagnostics - Request starting HTTP/1.1 POST http://localhost:5000/pharmacyvisit/insert multipart/form-data;+boundary=----WebKitFormBoundaryU8OawLyPxNLQc5oV 343
2023-03-10 13:58:40,313 INFO .NET ThreadPool Worker Microsoft.AspNetCore.Cors.Infrastructure.CorsService - CORS policy execution successful.
2023-03-10 13:58:40,313 INFO .NET ThreadPool Worker Microsoft.AspNetCore.Routing.EndpointMiddleware - Executing endpoint 'API.Controllers.Public.PharmacyVisitController.InsertPharmaciesToVisit (API)'
2023-03-10 13:58:40,314 INFO .NET ThreadPool Worker Microsoft.AspNetCore.Mvc.Infrastructure.ControllerActionInvoker - Route matched with {action = "InsertPharmaciesToVisit", controller = "PharmacyVisit"}. Executing controller action with signature System.Threading.Tasks.Task`1[Microsoft.AspNetCore.Mvc.ActionResult] InsertPharmaciesToVisit(Microsoft.AspNetCore.Http.IFormFile) on controller API.Controllers.Public.PharmacyVisitController (API).
2023-03-10 13:58:40,354 INFO .NET ThreadPool Worker Microsoft.AspNetCore.Mvc.Infrastructure.ObjectResultExecutor - Executing OkObjectResult, writing value of type 'Models.Response`1[[System.Boolean, System.Private.CoreLib, Version=7.0.0.0, Culture=neutral, PublicKeyToken=7cec85d7bea7798e]]'.
2023-03-10 13:58:40,355 INFO .NET ThreadPool Worker Microsoft.AspNetCore.Mvc.Infrastructure.ControllerActionInvoker - Executed action API.Controllers.Public.PharmacyVisitController.InsertPharmaciesToVisit (API) in 39.4236ms
2023-03-10 13:58:40,357 INFO .NET ThreadPool Worker Microsoft.AspNetCore.Routing.EndpointMiddleware - Executed endpoint 'API.Controllers.Public.PharmacyVisitController.InsertPharmaciesToVisit (API)'
2023-03-10 13:58:40,358 INFO .NET ThreadPool Worker Microsoft.AspNetCore.Hosting.Diagnostics - Request finished HTTP/1.1 POST http://localhost:5000/pharmacyvisit/insert multipart/form-data;+boundary=----WebKitFormBoundaryU8OawLyPxNLQc5oV 343 - 200 49 application/json;+charset=utf-8 51.4873ms
2023-03-10 13:58:45,457 INFO .NET ThreadPool Worker Microsoft.AspNetCore.Hosting.Diagnostics - Request starting HTTP/1.1 POST http://localhost:5000/pharmacyvisit/insert multipart/form-data;+boundary=----WebKitFormBoundaryDs7CxBdmh61ad3RJ 343
2023-03-10 13:58:45,458 INFO .NET ThreadPool Worker Microsoft.AspNetCore.Cors.Infrastructure.CorsService - CORS policy execution successful.
2023-03-10 13:58:45,459 INFO .NET ThreadPool Worker Microsoft.AspNetCore.Routing.EndpointMiddleware - Executing endpoint 'API.Controllers.Public.PharmacyVisitController.InsertPharmaciesToVisit (API)'
2023-03-10 13:58:45,459 INFO .NET ThreadPool Worker Microsoft.AspNetCore.Mvc.Infrastructure.ControllerActionInvoker - Route matched with {action = "InsertPharmaciesToVisit", controller = "PharmacyVisit"}. Executing controller action with signature System.Threading.Tasks.Task`1[Microsoft.AspNetCore.Mvc.ActionResult] InsertPharmaciesToVisit(Microsoft.AspNetCore.Http.IFormFile) on controller API.Controllers.Public.PharmacyVisitController (API).
2023-03-10 13:58:45,491 INFO .NET ThreadPool Worker Microsoft.AspNetCore.Mvc.Infrastructure.ObjectResultExecutor - Executing OkObjectResult, writing value of type 'Models.Response`1[[System.Boolean, System.Private.CoreLib, Version=7.0.0.0, Culture=neutral, PublicKeyToken=7cec85d7bea7798e]]'.
2023-03-10 13:58:45,496 INFO .NET ThreadPool Worker Microsoft.AspNetCore.Mvc.Infrastructure.ControllerActionInvoker - Executed action API.Controllers.Public.PharmacyVisitController.InsertPharmaciesToVisit (API) in 30.6136ms
2023-03-10 13:58:45,497 INFO .NET ThreadPool Worker Microsoft.AspNetCore.Routing.EndpointMiddleware - Executed endpoint 'API.Controllers.Public.PharmacyVisitController.InsertPharmaciesToVisit (API)'
2023-03-10 13:58:45,498 INFO .NET ThreadPool Worker Microsoft.AspNetCore.Hosting.Diagnostics - Request finished HTTP/1.1 POST http://localhost:5000/pharmacyvisit/insert multipart/form-data;+boundary=----WebKitFormBoundaryDs7CxBdmh61ad3RJ 343 - 200 49 application/json;+charset=utf-8 41.3061ms
2023-03-10 13:58:53,992 INFO .NET ThreadPool Worker Microsoft.AspNetCore.Hosting.Diagnostics - Request starting HTTP/1.1 POST http://localhost:5000/pharmacyvisit/insert multipart/form-data;+boundary=----WebKitFormBoundaryPIEf8PQppQZHPHRV 343
2023-03-10 13:58:53,994 INFO .NET ThreadPool Worker Microsoft.AspNetCore.Cors.Infrastructure.CorsService - CORS policy execution successful.
2023-03-10 13:58:53,995 INFO .NET ThreadPool Worker Microsoft.AspNetCore.Routing.EndpointMiddleware - Executing endpoint 'API.Controllers.Public.PharmacyVisitController.InsertPharmaciesToVisit (API)'
2023-03-10 13:58:53,995 INFO .NET ThreadPool Worker Microsoft.AspNetCore.Mvc.Infrastructure.ControllerActionInvoker - Route matched with {action = "InsertPharmaciesToVisit", controller = "PharmacyVisit"}. Executing controller action with signature System.Threading.Tasks.Task`1[Microsoft.AspNetCore.Mvc.ActionResult] InsertPharmaciesToVisit(Microsoft.AspNetCore.Http.IFormFile) on controller API.Controllers.Public.PharmacyVisitController (API).
2023-03-10 13:58:54,006 INFO .NET ThreadPool Worker Microsoft.AspNetCore.Mvc.Infrastructure.ObjectResultExecutor - Executing OkObjectResult, writing value of type 'Models.Response`1[[System.Boolean, System.Private.CoreLib, Version=7.0.0.0, Culture=neutral, PublicKeyToken=7cec85d7bea7798e]]'.
2023-03-10 13:58:54,026 INFO .NET ThreadPool Worker Microsoft.AspNetCore.Mvc.Infrastructure.ControllerActionInvoker - Executed action API.Controllers.Public.PharmacyVisitController.InsertPharmaciesToVisit (API) in 28.7261ms
2023-03-10 13:58:54,028 INFO .NET ThreadPool Worker Microsoft.AspNetCore.Routing.EndpointMiddleware - Executed endpoint 'API.Controllers.Public.PharmacyVisitController.InsertPharmaciesToVisit (API)'
2023-03-10 13:58:54,029 INFO .NET ThreadPool Worker Microsoft.AspNetCore.Hosting.Diagnostics - Request finished HTTP/1.1 POST http://localhost:5000/pharmacyvisit/insert multipart/form-data;+boundary=----WebKitFormBoundaryPIEf8PQppQZHPHRV 343 - 200 49 application/json;+charset=utf-8 36.8395ms
2023-03-10 13:59:14,986 INFO .NET ThreadPool Worker Microsoft.AspNetCore.Hosting.Diagnostics - Request starting HTTP/1.1 POST http://localhost:5000/pharmacyvisit/insert multipart/form-data;+boundary=----WebKitFormBoundary0M9MuEZDrwjG3yP7 343
2023-03-10 13:59:14,987 INFO .NET ThreadPool Worker Microsoft.AspNetCore.Cors.Infrastructure.CorsService - CORS policy execution successful.
2023-03-10 13:59:14,993 INFO .NET ThreadPool Worker Microsoft.AspNetCore.Routing.EndpointMiddleware - Executing endpoint 'API.Controllers.Public.PharmacyVisitController.InsertPharmaciesToVisit (API)'
2023-03-10 13:59:15,023 INFO .NET ThreadPool Worker Microsoft.AspNetCore.Mvc.Infrastructure.ControllerActionInvoker - Route matched with {action = "InsertPharmaciesToVisit", controller = "PharmacyVisit"}. Executing controller action with signature System.Threading.Tasks.Task`1[Microsoft.AspNetCore.Mvc.ActionResult] InsertPharmaciesToVisit(Microsoft.AspNetCore.Http.IFormFile) on controller API.Controllers.Public.PharmacyVisitController (API).
2023-03-10 13:59:15,053 INFO .NET ThreadPool Worker Microsoft.AspNetCore.Mvc.Infrastructure.ObjectResultExecutor - Executing OkObjectResult, writing value of type 'Models.Response`1[[System.Boolean, System.Private.CoreLib, Version=7.0.0.0, Culture=neutral, PublicKeyToken=7cec85d7bea7798e]]'.
2023-03-10 13:59:15,054 INFO .NET ThreadPool Worker Microsoft.AspNetCore.Mvc.Infrastructure.ControllerActionInvoker - Executed action API.Controllers.Public.PharmacyVisitController.InsertPharmaciesToVisit (API) in 29.6883ms
2023-03-10 13:59:15,056 INFO .NET ThreadPool Worker Microsoft.AspNetCore.Routing.EndpointMiddleware - Executed endpoint 'API.Controllers.Public.PharmacyVisitController.InsertPharmaciesToVisit (API)'
2023-03-10 13:59:15,057 INFO .NET ThreadPool Worker Microsoft.AspNetCore.Hosting.Diagnostics - Request finished HTTP/1.1 POST http://localhost:5000/pharmacyvisit/insert multipart/form-data;+boundary=----WebKitFormBoundary0M9MuEZDrwjG3yP7 343 - 200 49 application/json;+charset=utf-8 71.6681ms
2023-03-10 13:59:21,878 INFO .NET ThreadPool Worker Microsoft.AspNetCore.Hosting.Diagnostics - Request starting HTTP/1.1 OPTIONS http://localhost:5000/pharmacyvisit - -
2023-03-10 13:59:21,881 INFO .NET ThreadPool Worker Microsoft.AspNetCore.Cors.Infrastructure.CorsService - CORS policy execution successful.
2023-03-10 13:59:21,882 INFO .NET ThreadPool Worker Microsoft.AspNetCore.Hosting.Diagnostics - Request finished HTTP/1.1 OPTIONS http://localhost:5000/pharmacyvisit - - - 204 - - 3.9290ms
2023-03-10 13:59:21,883 INFO .NET ThreadPool Worker Microsoft.AspNetCore.Hosting.Diagnostics - Request starting HTTP/1.1 POST http://localhost:5000/pharmacyvisit application/json 7
2023-03-10 13:59:21,884 INFO .NET ThreadPool Worker Microsoft.AspNetCore.Cors.Infrastructure.CorsService - CORS policy execution successful.
2023-03-10 13:59:21,885 INFO .NET ThreadPool Worker Microsoft.AspNetCore.Routing.EndpointMiddleware - Executing endpoint 'API.Controllers.Public.PharmacyVisitController.GetPharmaciesToVisit (API)'
2023-03-10 13:59:21,885 INFO .NET ThreadPool Worker Microsoft.AspNetCore.Mvc.Infrastructure.ControllerActionInvoker - Route matched with {action = "GetPharmaciesToVisit", controller = "PharmacyVisit"}. Executing controller action with signature System.Threading.Tasks.Task`1[Microsoft.AspNetCore.Mvc.ActionResult] GetPharmaciesToVisit(Models.PharmacyVisitControllerModels.GetPharmaciesToVisitRequest) on controller API.Controllers.Public.PharmacyVisitController (API).
2023-03-10 13:59:21,897 INFO .NET ThreadPool Worker Microsoft.AspNetCore.Mvc.Infrastructure.ObjectResultExecutor - Executing OkObjectResult, writing value of type 'Models.Response`1[[Models.PharmacyVisitControllerModels.GetPharmaciesToVisitResponse, Models, Version=1.0.0.0, Culture=neutral, PublicKeyToken=null]]'.
2023-03-10 13:59:21,899 INFO .NET ThreadPool Worker Microsoft.AspNetCore.Mvc.Infrastructure.ControllerActionInvoker - Executed action API.Controllers.Public.PharmacyVisitController.GetPharmaciesToVisit (API) in 8.003ms
2023-03-10 13:59:21,900 INFO .NET ThreadPool Worker Microsoft.AspNetCore.Routing.EndpointMiddleware - Executed endpoint 'API.Controllers.Public.PharmacyVisitController.GetPharmaciesToVisit (API)'
2023-03-10 13:59:21,902 INFO .NET ThreadPool Worker Microsoft.AspNetCore.Hosting.Diagnostics - Request finished HTTP/1.1 POST http://localhost:5000/pharmacyvisit application/json 7 - 200 78 application/json;+charset=utf-8 18.3298ms
2023-03-10 13:59:23,719 INFO .NET ThreadPool Worker Microsoft.AspNetCore.Hosting.Diagnostics - Request starting HTTP/1.1 POST http://localhost:5000/pharmacyvisit application/json 7
2023-03-10 13:59:23,720 INFO .NET ThreadPool Worker Microsoft.AspNetCore.Cors.Infrastructure.CorsService - CORS policy execution successful.
2023-03-10 13:59:23,721 INFO .NET ThreadPool Worker Microsoft.AspNetCore.Routing.EndpointMiddleware - Executing endpoint 'API.Controllers.Public.PharmacyVisitController.GetPharmaciesToVisit (API)'
2023-03-10 13:59:23,722 INFO .NET ThreadPool Worker Microsoft.AspNetCore.Mvc.Infrastructure.ControllerActionInvoker - Route matched with {action = "GetPharmaciesToVisit", controller = "PharmacyVisit"}. Executing controller action with signature System.Threading.Tasks.Task`1[Microsoft.AspNetCore.Mvc.ActionResult] GetPharmaciesToVisit(Models.PharmacyVisitControllerModels.GetPharmaciesToVisitRequest) on controller API.Controllers.Public.PharmacyVisitController (API).
2023-03-10 13:59:23,729 INFO .NET ThreadPool Worker Microsoft.AspNetCore.Mvc.Infrastructure.ObjectResultExecutor - Executing OkObjectResult, writing value of type 'Models.Response`1[[Models.PharmacyVisitControllerModels.GetPharmaciesToVisitResponse, Models, Version=1.0.0.0, Culture=neutral, PublicKeyToken=null]]'.
2023-03-10 13:59:23,730 INFO .NET ThreadPool Worker Microsoft.AspNetCore.Mvc.Infrastructure.ControllerActionInvoker - Executed action API.Controllers.Public.PharmacyVisitController.GetPharmaciesToVisit (API) in 6.1469ms
2023-03-10 13:59:23,731 INFO .NET ThreadPool Worker Microsoft.AspNetCore.Routing.EndpointMiddleware - Executed endpoint 'API.Controllers.Public.PharmacyVisitController.GetPharmaciesToVisit (API)'
2023-03-10 13:59:23,734 INFO .NET ThreadPool Worker Microsoft.AspNetCore.Hosting.Diagnostics - Request finished HTTP/1.1 POST http://localhost:5000/pharmacyvisit application/json 7 - 200 82 application/json;+charset=utf-8 14.8677ms
2023-03-10 13:59:27,143 INFO .NET ThreadPool Worker Microsoft.AspNetCore.Hosting.Diagnostics - Request starting HTTP/1.1 OPTIONS http://localhost:5000/pharmacyvisit - -
2023-03-10 13:59:27,144 INFO .NET ThreadPool Worker Microsoft.AspNetCore.Cors.Infrastructure.CorsService - CORS policy execution successful.
2023-03-10 13:59:27,145 INFO .NET ThreadPool Worker Microsoft.AspNetCore.Hosting.Diagnostics - Request finished HTTP/1.1 OPTIONS http://localhost:5000/pharmacyvisit - - - 204 - - 2.3663ms
2023-03-10 13:59:27,150 INFO .NET ThreadPool Worker Microsoft.AspNetCore.Hosting.Diagnostics - Request starting HTTP/1.1 POST http://localhost:5000/pharmacyvisit application/json 7
2023-03-10 13:59:27,152 INFO .NET ThreadPool Worker Microsoft.AspNetCore.Cors.Infrastructure.CorsService - CORS policy execution successful.
2023-03-10 13:59:27,154 INFO .NET ThreadPool Worker Microsoft.AspNetCore.Routing.EndpointMiddleware - Executing endpoint 'API.Controllers.Public.PharmacyVisitController.GetPharmaciesToVisit (API)'
2023-03-10 13:59:27,155 INFO .NET ThreadPool Worker Microsoft.AspNetCore.Mvc.Infrastructure.ControllerActionInvoker - Route matched with {action = "GetPharmaciesToVisit", controller = "PharmacyVisit"}. Executing controller action with signature System.Threading.Tasks.Task`1[Microsoft.AspNetCore.Mvc.ActionResult] GetPharmaciesToVisit(Models.PharmacyVisitControllerModels.GetPharmaciesToVisitRequest) on controller API.Controllers.Public.PharmacyVisitController (API).
2023-03-10 13:59:27,163 INFO .NET ThreadPool Worker Microsoft.AspNetCore.Mvc.Infrastructure.ObjectResultExecutor - Executing OkObjectResult, writing value of type 'Models.Response`1[[Models.PharmacyVisitControllerModels.GetPharmaciesToVisitResponse, Models, Version=1.0.0.0, Culture=neutral, PublicKeyToken=null]]'.
2023-03-10 13:59:27,168 INFO .NET ThreadPool Worker Microsoft.AspNetCore.Mvc.Infrastructure.ControllerActionInvoker - Executed action API.Controllers.Public.PharmacyVisitController.GetPharmaciesToVisit (API) in 10.6272ms
2023-03-10 13:59:27,170 INFO .NET ThreadPool Worker Microsoft.AspNetCore.Routing.EndpointMiddleware - Executed endpoint 'API.Controllers.Public.PharmacyVisitController.GetPharmaciesToVisit (API)'
2023-03-10 13:59:27,171 INFO .NET ThreadPool Worker Microsoft.AspNetCore.Hosting.Diagnostics - Request finished HTTP/1.1 POST http://localhost:5000/pharmacyvisit application/json 7 - 200 65 application/json;+charset=utf-8 20.8720ms
2023-03-10 14:00:08,488 INFO .NET ThreadPool Worker Microsoft.AspNetCore.Hosting.Diagnostics - Request starting HTTP/1.1 OPTIONS http://localhost:5000/pharmacyvisit - -
2023-03-10 14:00:08,490 INFO .NET ThreadPool Worker Microsoft.AspNetCore.Cors.Infrastructure.CorsService - CORS policy execution successful.
2023-03-10 14:00:08,491 INFO .NET ThreadPool Worker Microsoft.AspNetCore.Hosting.Diagnostics - Request finished HTTP/1.1 OPTIONS http://localhost:5000/pharmacyvisit - - - 204 - - 2.5665ms
2023-03-10 14:00:08,492 INFO .NET ThreadPool Worker Microsoft.AspNetCore.Hosting.Diagnostics - Request starting HTTP/1.1 POST http://localhost:5000/pharmacyvisit application/json 7
2023-03-10 14:00:08,493 INFO .NET ThreadPool Worker Microsoft.AspNetCore.Cors.Infrastructure.CorsService - CORS policy execution successful.
2023-03-10 14:00:08,494 INFO .NET ThreadPool Worker Microsoft.AspNetCore.Routing.EndpointMiddleware - Executing endpoint 'API.Controllers.Public.PharmacyVisitController.GetPharmaciesToVisit (API)'
2023-03-10 14:00:08,494 INFO .NET ThreadPool Worker Microsoft.AspNetCore.Mvc.Infrastructure.ControllerActionInvoker - Route matched with {action = "GetPharmaciesToVisit", controller = "PharmacyVisit"}. Executing controller action with signature System.Threading.Tasks.Task`1[Microsoft.AspNetCore.Mvc.ActionResult] GetPharmaciesToVisit(Models.PharmacyVisitControllerModels.GetPharmaciesToVisitRequest) on controller API.Controllers.Public.PharmacyVisitController (API).
2023-03-10 14:00:08,554 INFO .NET ThreadPool Worker Microsoft.AspNetCore.Mvc.Infrastructure.ObjectResultExecutor - Executing OkObjectResult, writing value of type 'Models.Response`1[[Models.PharmacyVisitControllerModels.GetPharmaciesToVisitResponse, Models, Version=1.0.0.0, Culture=neutral, PublicKeyToken=null]]'.
2023-03-10 14:00:08,555 INFO .NET ThreadPool Worker Microsoft.AspNetCore.Mvc.Infrastructure.ControllerActionInvoker - Executed action API.Controllers.Public.PharmacyVisitController.GetPharmaciesToVisit (API) in 59.1841ms
2023-03-10 14:00:08,556 INFO .NET ThreadPool Worker Microsoft.AspNetCore.Routing.EndpointMiddleware - Executed endpoint 'API.Controllers.Public.PharmacyVisitController.GetPharmaciesToVisit (API)'
2023-03-10 14:00:08,558 INFO .NET ThreadPool Worker Microsoft.AspNetCore.Hosting.Diagnostics - Request finished HTTP/1.1 POST http://localhost:5000/pharmacyvisit application/json 7 - 200 65 application/json;+charset=utf-8 66.4440ms
2023-03-10 14:00:10,619 INFO .NET ThreadPool Worker Microsoft.AspNetCore.Hosting.Diagnostics - Request starting HTTP/1.1 POST http://localhost:5000/pharmacyvisit application/json 7
2023-03-10 14:00:10,620 INFO .NET ThreadPool Worker Microsoft.AspNetCore.Cors.Infrastructure.CorsService - CORS policy execution successful.
2023-03-10 14:00:10,621 INFO .NET ThreadPool Worker Microsoft.AspNetCore.Routing.EndpointMiddleware - Executing endpoint 'API.Controllers.Public.PharmacyVisitController.GetPharmaciesToVisit (API)'
2023-03-10 14:00:10,622 INFO .NET ThreadPool Worker Microsoft.AspNetCore.Mvc.Infrastructure.ControllerActionInvoker - Route matched with {action = "GetPharmaciesToVisit", controller = "PharmacyVisit"}. Executing controller action with signature System.Threading.Tasks.Task`1[Microsoft.AspNetCore.Mvc.ActionResult] GetPharmaciesToVisit(Models.PharmacyVisitControllerModels.GetPharmaciesToVisitRequest) on controller API.Controllers.Public.PharmacyVisitController (API).
2023-03-10 14:00:10,628 INFO .NET ThreadPool Worker Microsoft.AspNetCore.Mvc.Infrastructure.ObjectResultExecutor - Executing OkObjectResult, writing value of type 'Models.Response`1[[Models.PharmacyVisitControllerModels.GetPharmaciesToVisitResponse, Models, Version=1.0.0.0, Culture=neutral, PublicKeyToken=null]]'.
2023-03-10 14:00:10,629 INFO .NET ThreadPool Worker Microsoft.AspNetCore.Mvc.Infrastructure.ControllerActionInvoker - Executed action API.Controllers.Public.PharmacyVisitController.GetPharmaciesToVisit (API) in 5.8967ms
2023-03-10 14:00:10,630 INFO .NET ThreadPool Worker Microsoft.AspNetCore.Routing.EndpointMiddleware - Executed endpoint 'API.Controllers.Public.PharmacyVisitController.GetPharmaciesToVisit (API)'
2023-03-10 14:00:10,631 INFO .NET ThreadPool Worker Microsoft.AspNetCore.Hosting.Diagnostics - Request finished HTTP/1.1 POST http://localhost:5000/pharmacyvisit application/json 7 - 200 82 application/json;+charset=utf-8 11.5271ms
2023-03-10 14:00:11,991 INFO .NET ThreadPool Worker Microsoft.AspNetCore.Hosting.Diagnostics - Request starting HTTP/1.1 POST http://localhost:5000/pharmacyvisit application/json 7
2023-03-10 14:00:11,992 INFO .NET ThreadPool Worker Microsoft.AspNetCore.Cors.Infrastructure.CorsService - CORS policy execution successful.
2023-03-10 14:00:11,993 INFO .NET ThreadPool Worker Microsoft.AspNetCore.Routing.EndpointMiddleware - Executing endpoint 'API.Controllers.Public.PharmacyVisitController.GetPharmaciesToVisit (API)'
2023-03-10 14:00:11,994 INFO .NET ThreadPool Worker Microsoft.AspNetCore.Mvc.Infrastructure.ControllerActionInvoker - Route matched with {action = "GetPharmaciesToVisit", controller = "PharmacyVisit"}. Executing controller action with signature System.Threading.Tasks.Task`1[Microsoft.AspNetCore.Mvc.ActionResult] GetPharmaciesToVisit(Models.PharmacyVisitControllerModels.GetPharmaciesToVisitRequest) on controller API.Controllers.Public.PharmacyVisitController (API).
2023-03-10 14:00:12,001 INFO .NET ThreadPool Worker Microsoft.AspNetCore.Mvc.Infrastructure.ObjectResultExecutor - Executing OkObjectResult, writing value of type 'Models.Response`1[[Models.PharmacyVisitControllerModels.GetPharmaciesToVisitResponse, Models, Version=1.0.0.0, Culture=neutral, PublicKeyToken=null]]'.
2023-03-10 14:00:12,002 INFO .NET ThreadPool Worker Microsoft.AspNetCore.Mvc.Infrastructure.ControllerActionInvoker - Executed action API.Controllers.Public.PharmacyVisitController.GetPharmaciesToVisit (API) in 7.1007ms
2023-03-10 14:00:12,004 INFO .NET ThreadPool Worker Microsoft.AspNetCore.Routing.EndpointMiddleware - Executed endpoint 'API.Controllers.Public.PharmacyVisitController.GetPharmaciesToVisit (API)'
2023-03-10 14:00:12,007 INFO .NET ThreadPool Worker Microsoft.AspNetCore.Hosting.Diagnostics - Request finished HTTP/1.1 POST http://localhost:5000/pharmacyvisit application/json 7 - 200 78 application/json;+charset=utf-8 16.0286ms
